running egg_info
creating ../../build/ros2_tutorial/ros2_tutorial.egg-info
writing ../../build/ros2_tutorial/ros2_tutorial.egg-info/PKG-INFO
writing dependency_links to ../../build/ros2_tutorial/ros2_tutorial.egg-info/dependency_links.txt
writing entry points to ../../build/ros2_tutorial/ros2_tutorial.egg-info/entry_points.txt
writing requirements to ../../build/ros2_tutorial/ros2_tutorial.egg-info/requires.txt
writing top-level names to ../../build/ros2_tutorial/ros2_tutorial.egg-info/top_level.txt
writing manifest file '../../build/ros2_tutorial/ros2_tutorial.egg-info/SOURCES.txt'
reading manifest file '../../build/ros2_tutorial/ros2_tutorial.egg-info/SOURCES.txt'
writing manifest file '../../build/ros2_tutorial/ros2_tutorial.egg-info/SOURCES.txt'
running build
running build_py
creating /home/ubuntu/Documents/ros2_tutorial/build/ros2_tutorial/build
creating /home/ubuntu/Documents/ros2_tutorial/build/ros2_tutorial/build/lib
creating /home/ubuntu/Documents/ros2_tutorial/build/ros2_tutorial/build/lib/ros2_tutorial
copying ros2_tutorial/action_client_node.py -> /home/ubuntu/Documents/ros2_tutorial/build/ros2_tutorial/build/lib/ros2_tutorial
copying ros2_tutorial/action_service_node.py -> /home/ubuntu/Documents/ros2_tutorial/build/ros2_tutorial/build/lib/ros2_tutorial
copying ros2_tutorial/client_service_node.py -> /home/ubuntu/Documents/ros2_tutorial/build/ros2_tutorial/build/lib/ros2_tutorial
copying ros2_tutorial/service_node.py -> /home/ubuntu/Documents/ros2_tutorial/build/ros2_tutorial/build/lib/ros2_tutorial
copying ros2_tutorial/__init__.py -> /home/ubuntu/Documents/ros2_tutorial/build/ros2_tutorial/build/lib/ros2_tutorial
running install
running install_lib
creating /home/ubuntu/Documents/ros2_tutorial/install/ros2_tutorial/lib/python3.12/site-packages/ros2_tutorial
copying /home/ubuntu/Documents/ros2_tutorial/build/ros2_tutorial/build/lib/ros2_tutorial/__init__.py -> /home/ubuntu/Documents/ros2_tutorial/install/ros2_tutorial/lib/python3.12/site-packages/ros2_tutorial
copying /home/ubuntu/Documents/ros2_tutorial/build/ros2_tutorial/build/lib/ros2_tutorial/service_node.py -> /home/ubuntu/Documents/ros2_tutorial/install/ros2_tutorial/lib/python3.12/site-packages/ros2_tutorial
copying /home/ubuntu/Documents/ros2_tutorial/build/ros2_tutorial/build/lib/ros2_tutorial/client_service_node.py -> /home/ubuntu/Documents/ros2_tutorial/install/ros2_tutorial/lib/python3.12/site-packages/ros2_tutorial
copying /home/ubuntu/Documents/ros2_tutorial/build/ros2_tutorial/build/lib/ros2_tutorial/action_service_node.py -> /home/ubuntu/Documents/ros2_tutorial/install/ros2_tutorial/lib/python3.12/site-packages/ros2_tutorial
copying /home/ubuntu/Documents/ros2_tutorial/build/ros2_tutorial/build/lib/ros2_tutorial/action_client_node.py -> /home/ubuntu/Documents/ros2_tutorial/install/ros2_tutorial/lib/python3.12/site-packages/ros2_tutorial
byte-compiling /home/ubuntu/Documents/ros2_tutorial/install/ros2_tutorial/lib/python3.12/site-packages/ros2_tutorial/__init__.py to __init__.cpython-312.pyc
byte-compiling /home/ubuntu/Documents/ros2_tutorial/install/ros2_tutorial/lib/python3.12/site-packages/ros2_tutorial/service_node.py to service_node.cpython-312.pyc
byte-compiling /home/ubuntu/Documents/ros2_tutorial/install/ros2_tutorial/lib/python3.12/site-packages/ros2_tutorial/client_service_node.py to client_service_node.cpython-312.pyc
byte-compiling /home/ubuntu/Documents/ros2_tutorial/install/ros2_tutorial/lib/python3.12/site-packages/ros2_tutorial/action_service_node.py to action_service_node.cpython-312.pyc
byte-compiling /home/ubuntu/Documents/ros2_tutorial/install/ros2_tutorial/lib/python3.12/site-packages/ros2_tutorial/action_client_node.py to action_client_node.cpython-312.pyc
running install_data
creating /home/ubuntu/Documents/ros2_tutorial/install/ros2_tutorial/share/ament_index
creating /home/ubuntu/Documents/ros2_tutorial/install/ros2_tutorial/share/ament_index/resource_index
creating /home/ubuntu/Documents/ros2_tutorial/install/ros2_tutorial/share/ament_index/resource_index/packages
copying resource/ros2_tutorial -> /home/ubuntu/Documents/ros2_tutorial/install/ros2_tutorial/share/ament_index/resource_index/packages
copying package.xml -> /home/ubuntu/Documents/ros2_tutorial/install/ros2_tutorial/share/ros2_tutorial
running install_egg_info
Copying ../../build/ros2_tutorial/ros2_tutorial.egg-info to /home/ubuntu/Documents/ros2_tutorial/install/ros2_tutorial/lib/python3.12/site-packages/ros2_tutorial-0.0.0-py3.12.egg-info
running install_scripts
Installing action_client_node script to /home/ubuntu/Documents/ros2_tutorial/install/ros2_tutorial/lib/ros2_tutorial
Installing action_service_node script to /home/ubuntu/Documents/ros2_tutorial/install/ros2_tutorial/lib/ros2_tutorial
Installing client_service_node script to /home/ubuntu/Documents/ros2_tutorial/install/ros2_tutorial/lib/ros2_tutorial
Installing service_node script to /home/ubuntu/Documents/ros2_tutorial/install/ros2_tutorial/lib/ros2_tutorial
writing list of installed files to '/home/ubuntu/Documents/ros2_tutorial/build/ros2_tutorial/install.log'
