[0.529s] Invoking command in '/home/ubuntu/Documents/ros2_tutorial/src/ros2_tutorial': DEBUGINFOD_URLS=https://debuginfod.ubuntu.com LD_LIBRARY_PATH=/home/ubuntu/Documents/ros2_tutorial/install/ros2_tutorial_interfaces/lib:${LD_LIBRARY_PATH} PYTHONPATH=/home/ubuntu/Documents/ros2_tutorial/build/ros2_tutorial/prefix_override:/usr/lib/python3/dist-packages/colcon_core/task/python/colcon_distutils_commands:/home/ubuntu/Documents/ros2_tutorial/install/ros2_tutorial/lib/python3.12/site-packages:/home/ubuntu/Documents/ros2_tutorial/install/ros2_tutorial_interfaces/lib/python3.12/site-packages:${PYTHONPATH} /usr/bin/python3 -W ignore:setup.py install is deprecated -W ignore:easy_install command is deprecated setup.py egg_info --egg-base ../../build/ros2_tutorial build --build-base /home/ubuntu/Documents/ros2_tutorial/build/ros2_tutorial/build install --record /home/ubuntu/Documents/ros2_tutorial/build/ros2_tutorial/install.log --single-version-externally-managed install_data
[0.671s] running egg_info
[0.671s] creating ../../build/ros2_tutorial/ros2_tutorial.egg-info
[0.679s] writing ../../build/ros2_tutorial/ros2_tutorial.egg-info/PKG-INFO
[0.679s] writing dependency_links to ../../build/ros2_tutorial/ros2_tutorial.egg-info/dependency_links.txt
[0.680s] writing entry points to ../../build/ros2_tutorial/ros2_tutorial.egg-info/entry_points.txt
[0.680s] writing requirements to ../../build/ros2_tutorial/ros2_tutorial.egg-info/requires.txt
[0.680s] writing top-level names to ../../build/ros2_tutorial/ros2_tutorial.egg-info/top_level.txt
[0.680s] writing manifest file '../../build/ros2_tutorial/ros2_tutorial.egg-info/SOURCES.txt'
[0.696s] reading manifest file '../../build/ros2_tutorial/ros2_tutorial.egg-info/SOURCES.txt'
[0.697s] writing manifest file '../../build/ros2_tutorial/ros2_tutorial.egg-info/SOURCES.txt'
[0.698s] running build
[0.698s] running build_py
[0.698s] creating /home/ubuntu/Documents/ros2_tutorial/build/ros2_tutorial/build
[0.698s] creating /home/ubuntu/Documents/ros2_tutorial/build/ros2_tutorial/build/lib
[0.699s] creating /home/ubuntu/Documents/ros2_tutorial/build/ros2_tutorial/build/lib/ros2_tutorial
[0.699s] copying ros2_tutorial/action_client_node.py -> /home/ubuntu/Documents/ros2_tutorial/build/ros2_tutorial/build/lib/ros2_tutorial
[0.699s] copying ros2_tutorial/action_service_node.py -> /home/ubuntu/Documents/ros2_tutorial/build/ros2_tutorial/build/lib/ros2_tutorial
[0.699s] copying ros2_tutorial/client_service_node.py -> /home/ubuntu/Documents/ros2_tutorial/build/ros2_tutorial/build/lib/ros2_tutorial
[0.699s] copying ros2_tutorial/service_node.py -> /home/ubuntu/Documents/ros2_tutorial/build/ros2_tutorial/build/lib/ros2_tutorial
[0.699s] copying ros2_tutorial/__init__.py -> /home/ubuntu/Documents/ros2_tutorial/build/ros2_tutorial/build/lib/ros2_tutorial
[0.699s] running install
[0.702s] running install_lib
[0.712s] creating /home/ubuntu/Documents/ros2_tutorial/install/ros2_tutorial/lib/python3.12/site-packages/ros2_tutorial
[0.712s] copying /home/ubuntu/Documents/ros2_tutorial/build/ros2_tutorial/build/lib/ros2_tutorial/__init__.py -> /home/ubuntu/Documents/ros2_tutorial/install/ros2_tutorial/lib/python3.12/site-packages/ros2_tutorial
[0.712s] copying /home/ubuntu/Documents/ros2_tutorial/build/ros2_tutorial/build/lib/ros2_tutorial/service_node.py -> /home/ubuntu/Documents/ros2_tutorial/install/ros2_tutorial/lib/python3.12/site-packages/ros2_tutorial
[0.712s] copying /home/ubuntu/Documents/ros2_tutorial/build/ros2_tutorial/build/lib/ros2_tutorial/client_service_node.py -> /home/ubuntu/Documents/ros2_tutorial/install/ros2_tutorial/lib/python3.12/site-packages/ros2_tutorial
[0.712s] copying /home/ubuntu/Documents/ros2_tutorial/build/ros2_tutorial/build/lib/ros2_tutorial/action_service_node.py -> /home/ubuntu/Documents/ros2_tutorial/install/ros2_tutorial/lib/python3.12/site-packages/ros2_tutorial
[0.712s] copying /home/ubuntu/Documents/ros2_tutorial/build/ros2_tutorial/build/lib/ros2_tutorial/action_client_node.py -> /home/ubuntu/Documents/ros2_tutorial/install/ros2_tutorial/lib/python3.12/site-packages/ros2_tutorial
[0.713s] byte-compiling /home/ubuntu/Documents/ros2_tutorial/install/ros2_tutorial/lib/python3.12/site-packages/ros2_tutorial/__init__.py to __init__.cpython-312.pyc
[0.713s] byte-compiling /home/ubuntu/Documents/ros2_tutorial/install/ros2_tutorial/lib/python3.12/site-packages/ros2_tutorial/service_node.py to service_node.cpython-312.pyc
[0.713s] byte-compiling /home/ubuntu/Documents/ros2_tutorial/install/ros2_tutorial/lib/python3.12/site-packages/ros2_tutorial/client_service_node.py to client_service_node.cpython-312.pyc
[0.714s] byte-compiling /home/ubuntu/Documents/ros2_tutorial/install/ros2_tutorial/lib/python3.12/site-packages/ros2_tutorial/action_service_node.py to action_service_node.cpython-312.pyc
[0.714s] byte-compiling /home/ubuntu/Documents/ros2_tutorial/install/ros2_tutorial/lib/python3.12/site-packages/ros2_tutorial/action_client_node.py to action_client_node.cpython-312.pyc
[0.714s] running install_data
[0.715s] creating /home/ubuntu/Documents/ros2_tutorial/install/ros2_tutorial/share/ament_index
[0.715s] creating /home/ubuntu/Documents/ros2_tutorial/install/ros2_tutorial/share/ament_index/resource_index
[0.715s] creating /home/ubuntu/Documents/ros2_tutorial/install/ros2_tutorial/share/ament_index/resource_index/packages
[0.715s] copying resource/ros2_tutorial -> /home/ubuntu/Documents/ros2_tutorial/install/ros2_tutorial/share/ament_index/resource_index/packages
[0.715s] copying package.xml -> /home/ubuntu/Documents/ros2_tutorial/install/ros2_tutorial/share/ros2_tutorial
[0.715s] running install_egg_info
[0.725s] Copying ../../build/ros2_tutorial/ros2_tutorial.egg-info to /home/ubuntu/Documents/ros2_tutorial/install/ros2_tutorial/lib/python3.12/site-packages/ros2_tutorial-0.0.0-py3.12.egg-info
[0.725s] running install_scripts
[0.808s] Installing action_client_node script to /home/ubuntu/Documents/ros2_tutorial/install/ros2_tutorial/lib/ros2_tutorial
[0.808s] Installing action_service_node script to /home/ubuntu/Documents/ros2_tutorial/install/ros2_tutorial/lib/ros2_tutorial
[0.808s] Installing client_service_node script to /home/ubuntu/Documents/ros2_tutorial/install/ros2_tutorial/lib/ros2_tutorial
[0.808s] Installing service_node script to /home/ubuntu/Documents/ros2_tutorial/install/ros2_tutorial/lib/ros2_tutorial
[0.808s] writing list of installed files to '/home/ubuntu/Documents/ros2_tutorial/build/ros2_tutorial/install.log'
[0.827s] Invoked command in '/home/ubuntu/Documents/ros2_tutorial/src/ros2_tutorial' returned '0': DEBUGINFOD_URLS=https://debuginfod.ubuntu.com LD_LIBRARY_PATH=/home/ubuntu/Documents/ros2_tutorial/install/ros2_tutorial_interfaces/lib:${LD_LIBRARY_PATH} PYTHONPATH=/home/ubuntu/Documents/ros2_tutorial/build/ros2_tutorial/prefix_override:/usr/lib/python3/dist-packages/colcon_core/task/python/colcon_distutils_commands:/home/ubuntu/Documents/ros2_tutorial/install/ros2_tutorial/lib/python3.12/site-packages:/home/ubuntu/Documents/ros2_tutorial/install/ros2_tutorial_interfaces/lib/python3.12/site-packages:${PYTHONPATH} /usr/bin/python3 -W ignore:setup.py install is deprecated -W ignore:easy_install command is deprecated setup.py egg_info --egg-base ../../build/ros2_tutorial build --build-base /home/ubuntu/Documents/ros2_tutorial/build/ros2_tutorial/build install --record /home/ubuntu/Documents/ros2_tutorial/build/ros2_tutorial/install.log --single-version-externally-managed install_data
