running egg_info
writing ../../build/ros2_tutorial/ros2_tutorial.egg-info/PKG-INFO
writing dependency_links to ../../build/ros2_tutorial/ros2_tutorial.egg-info/dependency_links.txt
writing entry points to ../../build/ros2_tutorial/ros2_tutorial.egg-info/entry_points.txt
writing requirements to ../../build/ros2_tutorial/ros2_tutorial.egg-info/requires.txt
writing top-level names to ../../build/ros2_tutorial/ros2_tutorial.egg-info/top_level.txt
reading manifest file '../../build/ros2_tutorial/ros2_tutorial.egg-info/SOURCES.txt'
writing manifest file '../../build/ros2_tutorial/ros2_tutorial.egg-info/SOURCES.txt'
running build
running build_py
running install
running install_lib
running install_data
running install_egg_info
removing '/home/ubuntu/Documents/ros2_tutorial/install/ros2_tutorial/lib/python3.12/site-packages/ros2_tutorial-0.0.0-py3.12.egg-info' (and everything under it)
Copying ../../build/ros2_tutorial/ros2_tutorial.egg-info to /home/ubuntu/Documents/ros2_tutorial/install/ros2_tutorial/lib/python3.12/site-packages/ros2_tutorial-0.0.0-py3.12.egg-info
running install_scripts
Installing action_client_node script to /home/ubuntu/Documents/ros2_tutorial/install/ros2_tutorial/lib/ros2_tutorial
Installing action_service_node script to /home/ubuntu/Documents/ros2_tutorial/install/ros2_tutorial/lib/ros2_tutorial
Installing client_service_node script to /home/ubuntu/Documents/ros2_tutorial/install/ros2_tutorial/lib/ros2_tutorial
Installing service_node script to /home/ubuntu/Documents/ros2_tutorial/install/ros2_tutorial/lib/ros2_tutorial
writing list of installed files to '/home/ubuntu/Documents/ros2_tutorial/build/ros2_tutorial/install.log'
