-- Found ament_cmake: 2.5.6 (/opt/ros/jazzy/share/ament_cmake/cmake)
-- Found rosidl_default_generators: 1.6.0 (/opt/ros/jazzy/share/rosidl_default_generators/cmake)
-- Using all available rosidl_typesupport_c: rosidl_typesupport_fastrtps_c;rosidl_typesupport_introspection_c
-- Using all available rosidl_typesupport_cpp: rosidl_typesupport_fastrtps_cpp;rosidl_typesupport_introspection_cpp
-- Found rosidl_adapter: 4.6.7 (/opt/ros/jazzy/share/rosidl_adapter/cmake)
-- Found ament_cmake_ros: 0.12.0 (/opt/ros/jazzy/share/ament_cmake_ros/cmake)
-- Using all available rosidl_typesupport_c: rosidl_typesupport_fastrtps_c;rosidl_typesupport_introspection_c
-- Using all available rosidl_typesupport_cpp: rosidl_typesupport_fastrtps_cpp;rosidl_typesupport_introspection_cpp
-- Found python_cmake_module: 0.11.1 (/opt/ros/jazzy/share/python_cmake_module/cmake)
-- Found PythonExtra: /usr/bin/python3  
-- Found Python3: /usr/bin/python3 (found version "3.12.3") found components: Interpreter Development NumPy Development.Module Development.Embed 
-- Found Python3: /usr/bin/python3 (found version "3.12.3") found components: Interpreter 
-- Found ament_lint_auto: 0.17.5 (/opt/ros/jazzy/share/ament_lint_auto/cmake)
-- Added test 'lint_cmake' to check CMake code style
-- Added test 'xmllint' to check XML markup files
-- Configuring done (1.7s)
-- Generating done (0.0s)
-- Build files have been written to: /home/ubuntu/Documents/ros2_tutorial/build/ros2_tutorial_interfaces
[  2%] [34m[1mGenerating type hashes for ROS interfaces[0m
[  5%] [34m[1mGenerating Rust code for ROS interfaces[0m
[  5%] Built target ament_cmake_python_copy_ros2_tutorial_interfaces
running egg_info
creating ros2_tutorial_interfaces.egg-info
writing ros2_tutorial_interfaces.egg-info/PKG-INFO
writing dependency_links to ros2_tutorial_interfaces.egg-info/dependency_links.txt
writing top-level names to ros2_tutorial_interfaces.egg-info/top_level.txt
writing manifest file 'ros2_tutorial_interfaces.egg-info/SOURCES.txt'
[  5%] Built target ros2_tutorial_interfaces__rosidl_generator_type_description
[  8%] [34m[1mGenerating C code for ROS interfaces[0m
[  8%] Built target ros2_tutorial_interfaces__rs
[ 11%] [34m[1mGenerating C++ code for ROS interfaces[0m
reading manifest file 'ros2_tutorial_interfaces.egg-info/SOURCES.txt'
writing manifest file 'ros2_tutorial_interfaces.egg-info/SOURCES.txt'
[ 11%] Built target ament_cmake_python_build_ros2_tutorial_interfaces_egg
[ 11%] Built target ros2_tutorial_interfaces__cpp
[ 17%] [32mBuilding C object CMakeFiles/ros2_tutorial_interfaces__rosidl_generator_c.dir/rosidl_generator_c/ros2_tutorial_interfaces/action/detail/fibonacci__functions.c.o[0m
[ 17%] [32mBuilding C object CMakeFiles/ros2_tutorial_interfaces__rosidl_generator_c.dir/rosidl_generator_c/ros2_tutorial_interfaces/action/detail/fibonacci__description.c.o[0m
[ 20%] [32mBuilding C object CMakeFiles/ros2_tutorial_interfaces__rosidl_generator_c.dir/rosidl_generator_c/ros2_tutorial_interfaces/action/detail/fibonacci__type_support.c.o[0m
[ 22%] [32m[1mLinking C shared library libros2_tutorial_interfaces__rosidl_generator_c.so[0m
[ 22%] Built target ros2_tutorial_interfaces__rosidl_generator_c
[ 25%] [34m[1mGenerating C type support for eProsima Fast-RTPS[0m
[ 28%] [34m[1mGenerating C type support dispatch for ROS interfaces[0m
[ 31%] [34m[1mGenerating C introspection for ROS interfaces[0m
[ 34%] [34m[1mGenerating C++ type support for eProsima Fast-RTPS[0m
[ 37%] [34m[1mGenerating C++ introspection for ROS interfaces[0m
[ 40%] [34m[1mGenerating C++ type support dispatch for ROS interfaces[0m
[ 42%] [32mBuilding CXX object CMakeFiles/ros2_tutorial_interfaces__rosidl_typesupport_cpp.dir/rosidl_typesupport_cpp/ros2_tutorial_interfaces/action/fibonacci__type_support.cpp.o[0m
[ 45%] [32mBuilding CXX object CMakeFiles/ros2_tutorial_interfaces__rosidl_typesupport_c.dir/rosidl_typesupport_c/ros2_tutorial_interfaces/action/fibonacci__type_support.cpp.o[0m
[ 51%] [32mBuilding CXX object CMakeFiles/ros2_tutorial_interfaces__rosidl_typesupport_introspection_cpp.dir/rosidl_typesupport_introspection_cpp/ros2_tutorial_interfaces/action/detail/fibonacci__type_support.cpp.o[0m
[ 51%] [32mBuilding C object CMakeFiles/ros2_tutorial_interfaces__rosidl_typesupport_introspection_c.dir/rosidl_typesupport_introspection_c/ros2_tutorial_interfaces/action/detail/fibonacci__type_support.c.o[0m
[ 54%] [32m[1mLinking CXX shared library libros2_tutorial_interfaces__rosidl_typesupport_c.so[0m
[ 54%] Built target ros2_tutorial_interfaces__rosidl_typesupport_c
[ 57%] [32m[1mLinking C shared library libros2_tutorial_interfaces__rosidl_typesupport_introspection_c.so[0m
[ 57%] Built target ros2_tutorial_interfaces__rosidl_typesupport_introspection_c
[ 60%] [32mBuilding CXX object CMakeFiles/ros2_tutorial_interfaces__rosidl_typesupport_fastrtps_cpp.dir/rosidl_typesupport_fastrtps_cpp/ros2_tutorial_interfaces/action/detail/dds_fastrtps/fibonacci__type_support.cpp.o[0m
[ 62%] [32mBuilding CXX object CMakeFiles/ros2_tutorial_interfaces__rosidl_typesupport_fastrtps_c.dir/rosidl_typesupport_fastrtps_c/ros2_tutorial_interfaces/action/detail/fibonacci__type_support_c.cpp.o[0m
[ 65%] [32m[1mLinking CXX shared library libros2_tutorial_interfaces__rosidl_typesupport_fastrtps_c.so[0m
[ 68%] [32m[1mLinking CXX shared library libros2_tutorial_interfaces__rosidl_typesupport_cpp.so[0m
[ 68%] Built target ros2_tutorial_interfaces__rosidl_typesupport_fastrtps_c
[ 68%] Built target ros2_tutorial_interfaces__rosidl_typesupport_cpp
[ 71%] [32m[1mLinking CXX shared library libros2_tutorial_interfaces__rosidl_typesupport_introspection_cpp.so[0m
[ 71%] Built target ros2_tutorial_interfaces__rosidl_typesupport_introspection_cpp
[ 74%] [32m[1mLinking CXX shared library libros2_tutorial_interfaces__rosidl_typesupport_fastrtps_cpp.so[0m
[ 74%] Built target ros2_tutorial_interfaces__rosidl_typesupport_fastrtps_cpp
[ 74%] Built target ros2_tutorial_interfaces
[ 77%] [34m[1mGenerating Python code for ROS interfaces[0m
[ 77%] Built target ros2_tutorial_interfaces__py
[ 80%] [32mBuilding C object CMakeFiles/ros2_tutorial_interfaces__rosidl_generator_py.dir/rosidl_generator_py/ros2_tutorial_interfaces/action/_fibonacci_s.c.o[0m
[ 82%] [32m[1mLinking C shared library libros2_tutorial_interfaces__rosidl_generator_py.so[0m
[ 82%] Built target ros2_tutorial_interfaces__rosidl_generator_py
[ 85%] [32mBuilding C object CMakeFiles/ros2_tutorial_interfaces_s__rosidl_typesupport_introspection_c.dir/rosidl_generator_py/ros2_tutorial_interfaces/_ros2_tutorial_interfaces_s.ep.rosidl_typesupport_introspection_c.c.o[0m
[ 88%] [32mBuilding C object CMakeFiles/ros2_tutorial_interfaces_s__rosidl_typesupport_fastrtps_c.dir/rosidl_generator_py/ros2_tutorial_interfaces/_ros2_tutorial_interfaces_s.ep.rosidl_typesupport_fastrtps_c.c.o[0m
[ 91%] [32mBuilding C object CMakeFiles/ros2_tutorial_interfaces_s__rosidl_typesupport_c.dir/rosidl_generator_py/ros2_tutorial_interfaces/_ros2_tutorial_interfaces_s.ep.rosidl_typesupport_c.c.o[0m
[100%] [32m[1mLinking C shared module rosidl_generator_py/ros2_tutorial_interfaces/ros2_tutorial_interfaces_s__rosidl_typesupport_introspection_c.so[0m
[100%] [32m[1mLinking C shared module rosidl_generator_py/ros2_tutorial_interfaces/ros2_tutorial_interfaces_s__rosidl_typesupport_fastrtps_c.so[0m
[100%] [32m[1mLinking C shared module rosidl_generator_py/ros2_tutorial_interfaces/ros2_tutorial_interfaces_s__rosidl_typesupport_c.so[0m
[100%] Built target ros2_tutorial_interfaces_s__rosidl_typesupport_c
[100%] Built target ros2_tutorial_interfaces_s__rosidl_typesupport_introspection_c
[100%] Built target ros2_tutorial_interfaces_s__rosidl_typesupport_fastrtps_c
-- Install configuration: ""
-- Installing: /home/ubuntu/Documents/ros2_tutorial/install/ros2_tutorial_interfaces/share/ament_index/resource_index/rosidl_interfaces/ros2_tutorial_interfaces
-- Installing: /home/ubuntu/Documents/ros2_tutorial/install/ros2_tutorial_interfaces/share/ros2_tutorial_interfaces/action/Fibonacci.json
-- Installing: /home/ubuntu/Documents/ros2_tutorial/install/ros2_tutorial_interfaces/include/ros2_tutorial_interfaces/ros2_tutorial_interfaces
-- Installing: /home/ubuntu/Documents/ros2_tutorial/install/ros2_tutorial_interfaces/include/ros2_tutorial_interfaces/ros2_tutorial_interfaces/action
-- Installing: /home/ubuntu/Documents/ros2_tutorial/install/ros2_tutorial_interfaces/include/ros2_tutorial_interfaces/ros2_tutorial_interfaces/action/detail
-- Installing: /home/ubuntu/Documents/ros2_tutorial/install/ros2_tutorial_interfaces/include/ros2_tutorial_interfaces/ros2_tutorial_interfaces/action/detail/fibonacci__type_support.h
-- Installing: /home/ubuntu/Documents/ros2_tutorial/install/ros2_tutorial_interfaces/include/ros2_tutorial_interfaces/ros2_tutorial_interfaces/action/detail/fibonacci__type_support.c
-- Installing: /home/ubuntu/Documents/ros2_tutorial/install/ros2_tutorial_interfaces/include/ros2_tutorial_interfaces/ros2_tutorial_interfaces/action/detail/fibonacci__struct.h
-- Installing: /home/ubuntu/Documents/ros2_tutorial/install/ros2_tutorial_interfaces/include/ros2_tutorial_interfaces/ros2_tutorial_interfaces/action/detail/fibonacci__functions.h
-- Installing: /home/ubuntu/Documents/ros2_tutorial/install/ros2_tutorial_interfaces/include/ros2_tutorial_interfaces/ros2_tutorial_interfaces/action/detail/fibonacci__functions.c
-- Installing: /home/ubuntu/Documents/ros2_tutorial/install/ros2_tutorial_interfaces/include/ros2_tutorial_interfaces/ros2_tutorial_interfaces/action/detail/fibonacci__description.c
-- Installing: /home/ubuntu/Documents/ros2_tutorial/install/ros2_tutorial_interfaces/include/ros2_tutorial_interfaces/ros2_tutorial_interfaces/action/fibonacci.h
-- Installing: /home/ubuntu/Documents/ros2_tutorial/install/ros2_tutorial_interfaces/include/ros2_tutorial_interfaces/ros2_tutorial_interfaces/msg
-- Installing: /home/ubuntu/Documents/ros2_tutorial/install/ros2_tutorial_interfaces/include/ros2_tutorial_interfaces/ros2_tutorial_interfaces/msg/rosidl_generator_c__visibility_control.h
-- Installing: /home/ubuntu/Documents/ros2_tutorial/install/ros2_tutorial_interfaces/share/ros2_tutorial_interfaces/environment/library_path.sh
-- Installing: /home/ubuntu/Documents/ros2_tutorial/install/ros2_tutorial_interfaces/share/ros2_tutorial_interfaces/environment/library_path.dsv
-- Installing: /home/ubuntu/Documents/ros2_tutorial/install/ros2_tutorial_interfaces/lib/libros2_tutorial_interfaces__rosidl_generator_c.so
-- Set non-toolchain portion of runtime path of "/home/ubuntu/Documents/ros2_tutorial/install/ros2_tutorial_interfaces/lib/libros2_tutorial_interfaces__rosidl_generator_c.so" to ""
-- Up-to-date: /home/ubuntu/Documents/ros2_tutorial/install/ros2_tutorial_interfaces/include/ros2_tutorial_interfaces/ros2_tutorial_interfaces
-- Up-to-date: /home/ubuntu/Documents/ros2_tutorial/install/ros2_tutorial_interfaces/include/ros2_tutorial_interfaces/ros2_tutorial_interfaces/action
-- Up-to-date: /home/ubuntu/Documents/ros2_tutorial/install/ros2_tutorial_interfaces/include/ros2_tutorial_interfaces/ros2_tutorial_interfaces/action/detail
-- Installing: /home/ubuntu/Documents/ros2_tutorial/install/ros2_tutorial_interfaces/include/ros2_tutorial_interfaces/ros2_tutorial_interfaces/action/detail/fibonacci__rosidl_typesupport_fastrtps_c.h
-- Up-to-date: /home/ubuntu/Documents/ros2_tutorial/install/ros2_tutorial_interfaces/include/ros2_tutorial_interfaces/ros2_tutorial_interfaces/msg
-- Installing: /home/ubuntu/Documents/ros2_tutorial/install/ros2_tutorial_interfaces/include/ros2_tutorial_interfaces/ros2_tutorial_interfaces/msg/rosidl_typesupport_fastrtps_c__visibility_control.h
-- Installing: /home/ubuntu/Documents/ros2_tutorial/install/ros2_tutorial_interfaces/lib/libros2_tutorial_interfaces__rosidl_typesupport_fastrtps_c.so
-- Set non-toolchain portion of runtime path of "/home/ubuntu/Documents/ros2_tutorial/install/ros2_tutorial_interfaces/lib/libros2_tutorial_interfaces__rosidl_typesupport_fastrtps_c.so" to ""
-- Up-to-date: /home/ubuntu/Documents/ros2_tutorial/install/ros2_tutorial_interfaces/include/ros2_tutorial_interfaces/ros2_tutorial_interfaces
-- Up-to-date: /home/ubuntu/Documents/ros2_tutorial/install/ros2_tutorial_interfaces/include/ros2_tutorial_interfaces/ros2_tutorial_interfaces/action
-- Up-to-date: /home/ubuntu/Documents/ros2_tutorial/install/ros2_tutorial_interfaces/include/ros2_tutorial_interfaces/ros2_tutorial_interfaces/action/detail
-- Up-to-date: /home/ubuntu/Documents/ros2_tutorial/install/ros2_tutorial_interfaces/include/ros2_tutorial_interfaces/ros2_tutorial_interfaces/action/detail/fibonacci__type_support.c
-- Installing: /home/ubuntu/Documents/ros2_tutorial/install/ros2_tutorial_interfaces/include/ros2_tutorial_interfaces/ros2_tutorial_interfaces/action/detail/fibonacci__rosidl_typesupport_introspection_c.h
-- Up-to-date: /home/ubuntu/Documents/ros2_tutorial/install/ros2_tutorial_interfaces/include/ros2_tutorial_interfaces/ros2_tutorial_interfaces/msg
-- Installing: /home/ubuntu/Documents/ros2_tutorial/install/ros2_tutorial_interfaces/include/ros2_tutorial_interfaces/ros2_tutorial_interfaces/msg/rosidl_typesupport_introspection_c__visibility_control.h
-- Installing: /home/ubuntu/Documents/ros2_tutorial/install/ros2_tutorial_interfaces/lib/libros2_tutorial_interfaces__rosidl_typesupport_introspection_c.so
-- Set non-toolchain portion of runtime path of "/home/ubuntu/Documents/ros2_tutorial/install/ros2_tutorial_interfaces/lib/libros2_tutorial_interfaces__rosidl_typesupport_introspection_c.so" to ""
-- Installing: /home/ubuntu/Documents/ros2_tutorial/install/ros2_tutorial_interfaces/lib/libros2_tutorial_interfaces__rosidl_typesupport_c.so
-- Set non-toolchain portion of runtime path of "/home/ubuntu/Documents/ros2_tutorial/install/ros2_tutorial_interfaces/lib/libros2_tutorial_interfaces__rosidl_typesupport_c.so" to ""
-- Up-to-date: /home/ubuntu/Documents/ros2_tutorial/install/ros2_tutorial_interfaces/include/ros2_tutorial_interfaces/ros2_tutorial_interfaces
-- Up-to-date: /home/ubuntu/Documents/ros2_tutorial/install/ros2_tutorial_interfaces/include/ros2_tutorial_interfaces/ros2_tutorial_interfaces/action
-- Up-to-date: /home/ubuntu/Documents/ros2_tutorial/install/ros2_tutorial_interfaces/include/ros2_tutorial_interfaces/ros2_tutorial_interfaces/action/detail
-- Installing: /home/ubuntu/Documents/ros2_tutorial/install/ros2_tutorial_interfaces/include/ros2_tutorial_interfaces/ros2_tutorial_interfaces/action/detail/fibonacci__type_support.hpp
-- Installing: /home/ubuntu/Documents/ros2_tutorial/install/ros2_tutorial_interfaces/include/ros2_tutorial_interfaces/ros2_tutorial_interfaces/action/detail/fibonacci__traits.hpp
-- Installing: /home/ubuntu/Documents/ros2_tutorial/install/ros2_tutorial_interfaces/include/ros2_tutorial_interfaces/ros2_tutorial_interfaces/action/detail/fibonacci__struct.hpp
-- Installing: /home/ubuntu/Documents/ros2_tutorial/install/ros2_tutorial_interfaces/include/ros2_tutorial_interfaces/ros2_tutorial_interfaces/action/detail/fibonacci__builder.hpp
-- Installing: /home/ubuntu/Documents/ros2_tutorial/install/ros2_tutorial_interfaces/include/ros2_tutorial_interfaces/ros2_tutorial_interfaces/action/fibonacci.hpp
-- Up-to-date: /home/ubuntu/Documents/ros2_tutorial/install/ros2_tutorial_interfaces/include/ros2_tutorial_interfaces/ros2_tutorial_interfaces/msg
-- Installing: /home/ubuntu/Documents/ros2_tutorial/install/ros2_tutorial_interfaces/include/ros2_tutorial_interfaces/ros2_tutorial_interfaces/msg/rosidl_generator_cpp__visibility_control.hpp
-- Up-to-date: /home/ubuntu/Documents/ros2_tutorial/install/ros2_tutorial_interfaces/include/ros2_tutorial_interfaces/ros2_tutorial_interfaces
-- Up-to-date: /home/ubuntu/Documents/ros2_tutorial/install/ros2_tutorial_interfaces/include/ros2_tutorial_interfaces/ros2_tutorial_interfaces/action
-- Up-to-date: /home/ubuntu/Documents/ros2_tutorial/install/ros2_tutorial_interfaces/include/ros2_tutorial_interfaces/ros2_tutorial_interfaces/action/detail
-- Installing: /home/ubuntu/Documents/ros2_tutorial/install/ros2_tutorial_interfaces/include/ros2_tutorial_interfaces/ros2_tutorial_interfaces/action/detail/dds_fastrtps
-- Installing: /home/ubuntu/Documents/ros2_tutorial/install/ros2_tutorial_interfaces/include/ros2_tutorial_interfaces/ros2_tutorial_interfaces/action/detail/fibonacci__rosidl_typesupport_fastrtps_cpp.hpp
-- Up-to-date: /home/ubuntu/Documents/ros2_tutorial/install/ros2_tutorial_interfaces/include/ros2_tutorial_interfaces/ros2_tutorial_interfaces/msg
-- Installing: /home/ubuntu/Documents/ros2_tutorial/install/ros2_tutorial_interfaces/include/ros2_tutorial_interfaces/ros2_tutorial_interfaces/msg/rosidl_typesupport_fastrtps_cpp__visibility_control.h
-- Installing: /home/ubuntu/Documents/ros2_tutorial/install/ros2_tutorial_interfaces/lib/libros2_tutorial_interfaces__rosidl_typesupport_fastrtps_cpp.so
-- Set non-toolchain portion of runtime path of "/home/ubuntu/Documents/ros2_tutorial/install/ros2_tutorial_interfaces/lib/libros2_tutorial_interfaces__rosidl_typesupport_fastrtps_cpp.so" to ""
-- Up-to-date: /home/ubuntu/Documents/ros2_tutorial/install/ros2_tutorial_interfaces/include/ros2_tutorial_interfaces/ros2_tutorial_interfaces
-- Up-to-date: /home/ubuntu/Documents/ros2_tutorial/install/ros2_tutorial_interfaces/include/ros2_tutorial_interfaces/ros2_tutorial_interfaces/action
-- Up-to-date: /home/ubuntu/Documents/ros2_tutorial/install/ros2_tutorial_interfaces/include/ros2_tutorial_interfaces/ros2_tutorial_interfaces/action/detail
-- Installing: /home/ubuntu/Documents/ros2_tutorial/install/ros2_tutorial_interfaces/include/ros2_tutorial_interfaces/ros2_tutorial_interfaces/action/detail/fibonacci__type_support.cpp
-- Installing: /home/ubuntu/Documents/ros2_tutorial/install/ros2_tutorial_interfaces/include/ros2_tutorial_interfaces/ros2_tutorial_interfaces/action/detail/fibonacci__rosidl_typesupport_introspection_cpp.hpp
-- Installing: /home/ubuntu/Documents/ros2_tutorial/install/ros2_tutorial_interfaces/lib/libros2_tutorial_interfaces__rosidl_typesupport_introspection_cpp.so
-- Set non-toolchain portion of runtime path of "/home/ubuntu/Documents/ros2_tutorial/install/ros2_tutorial_interfaces/lib/libros2_tutorial_interfaces__rosidl_typesupport_introspection_cpp.so" to ""
-- Installing: /home/ubuntu/Documents/ros2_tutorial/install/ros2_tutorial_interfaces/lib/libros2_tutorial_interfaces__rosidl_typesupport_cpp.so
-- Set non-toolchain portion of runtime path of "/home/ubuntu/Documents/ros2_tutorial/install/ros2_tutorial_interfaces/lib/libros2_tutorial_interfaces__rosidl_typesupport_cpp.so" to ""
-- Installing: /home/ubuntu/Documents/ros2_tutorial/install/ros2_tutorial_interfaces/share/ros2_tutorial_interfaces/environment/pythonpath.sh
-- Installing: /home/ubuntu/Documents/ros2_tutorial/install/ros2_tutorial_interfaces/share/ros2_tutorial_interfaces/environment/pythonpath.dsv
-- Installing: /home/ubuntu/Documents/ros2_tutorial/install/ros2_tutorial_interfaces/lib/python3.12/site-packages/ros2_tutorial_interfaces-0.0.0-py3.12.egg-info
-- Installing: /home/ubuntu/Documents/ros2_tutorial/install/ros2_tutorial_interfaces/lib/python3.12/site-packages/ros2_tutorial_interfaces-0.0.0-py3.12.egg-info/SOURCES.txt
-- Installing: /home/ubuntu/Documents/ros2_tutorial/install/ros2_tutorial_interfaces/lib/python3.12/site-packages/ros2_tutorial_interfaces-0.0.0-py3.12.egg-info/top_level.txt
-- Installing: /home/ubuntu/Documents/ros2_tutorial/install/ros2_tutorial_interfaces/lib/python3.12/site-packages/ros2_tutorial_interfaces-0.0.0-py3.12.egg-info/dependency_links.txt
-- Installing: /home/ubuntu/Documents/ros2_tutorial/install/ros2_tutorial_interfaces/lib/python3.12/site-packages/ros2_tutorial_interfaces-0.0.0-py3.12.egg-info/PKG-INFO
-- Installing: /home/ubuntu/Documents/ros2_tutorial/install/ros2_tutorial_interfaces/lib/python3.12/site-packages/ros2_tutorial_interfaces
-- Installing: /home/ubuntu/Documents/ros2_tutorial/install/ros2_tutorial_interfaces/lib/python3.12/site-packages/ros2_tutorial_interfaces/ros2_tutorial_interfaces_s__rosidl_typesupport_introspection_c.so
-- Installing: /home/ubuntu/Documents/ros2_tutorial/install/ros2_tutorial_interfaces/lib/python3.12/site-packages/ros2_tutorial_interfaces/ros2_tutorial_interfaces_s__rosidl_typesupport_fastrtps_c.so
-- Installing: /home/ubuntu/Documents/ros2_tutorial/install/ros2_tutorial_interfaces/lib/python3.12/site-packages/ros2_tutorial_interfaces/ros2_tutorial_interfaces_s__rosidl_typesupport_c.so
-- Installing: /home/ubuntu/Documents/ros2_tutorial/install/ros2_tutorial_interfaces/lib/python3.12/site-packages/ros2_tutorial_interfaces/_ros2_tutorial_interfaces_s.ep.rosidl_typesupport_c.c
-- Installing: /home/ubuntu/Documents/ros2_tutorial/install/ros2_tutorial_interfaces/lib/python3.12/site-packages/ros2_tutorial_interfaces/_ros2_tutorial_interfaces_s.ep.rosidl_typesupport_introspection_c.c
-- Installing: /home/ubuntu/Documents/ros2_tutorial/install/ros2_tutorial_interfaces/lib/python3.12/site-packages/ros2_tutorial_interfaces/_ros2_tutorial_interfaces_s.ep.rosidl_typesupport_fastrtps_c.c
-- Installing: /home/ubuntu/Documents/ros2_tutorial/install/ros2_tutorial_interfaces/lib/python3.12/site-packages/ros2_tutorial_interfaces/action
-- Installing: /home/ubuntu/Documents/ros2_tutorial/install/ros2_tutorial_interfaces/lib/python3.12/site-packages/ros2_tutorial_interfaces/action/__init__.py
-- Installing: /home/ubuntu/Documents/ros2_tutorial/install/ros2_tutorial_interfaces/lib/python3.12/site-packages/ros2_tutorial_interfaces/action/_fibonacci_s.c
-- Installing: /home/ubuntu/Documents/ros2_tutorial/install/ros2_tutorial_interfaces/lib/python3.12/site-packages/ros2_tutorial_interfaces/action/_fibonacci.py
-- Installing: /home/ubuntu/Documents/ros2_tutorial/install/ros2_tutorial_interfaces/lib/python3.12/site-packages/ros2_tutorial_interfaces/__init__.py
Listing '/home/ubuntu/Documents/ros2_tutorial/install/ros2_tutorial_interfaces/lib/python3.12/site-packages/ros2_tutorial_interfaces'...
Compiling '/home/ubuntu/Documents/ros2_tutorial/install/ros2_tutorial_interfaces/lib/python3.12/site-packages/ros2_tutorial_interfaces/__init__.py'...
Listing '/home/ubuntu/Documents/ros2_tutorial/install/ros2_tutorial_interfaces/lib/python3.12/site-packages/ros2_tutorial_interfaces/action'...
Compiling '/home/ubuntu/Documents/ros2_tutorial/install/ros2_tutorial_interfaces/lib/python3.12/site-packages/ros2_tutorial_interfaces/action/__init__.py'...
Compiling '/home/ubuntu/Documents/ros2_tutorial/install/ros2_tutorial_interfaces/lib/python3.12/site-packages/ros2_tutorial_interfaces/action/_fibonacci.py'...
-- Installing: /home/ubuntu/Documents/ros2_tutorial/install/ros2_tutorial_interfaces/lib/python3.12/site-packages/ros2_tutorial_interfaces/ros2_tutorial_interfaces_s__rosidl_typesupport_fastrtps_c.so
-- Set non-toolchain portion of runtime path of "/home/ubuntu/Documents/ros2_tutorial/install/ros2_tutorial_interfaces/lib/python3.12/site-packages/ros2_tutorial_interfaces/ros2_tutorial_interfaces_s__rosidl_typesupport_fastrtps_c.so" to ""
-- Installing: /home/ubuntu/Documents/ros2_tutorial/install/ros2_tutorial_interfaces/lib/python3.12/site-packages/ros2_tutorial_interfaces/ros2_tutorial_interfaces_s__rosidl_typesupport_introspection_c.so
-- Set non-toolchain portion of runtime path of "/home/ubuntu/Documents/ros2_tutorial/install/ros2_tutorial_interfaces/lib/python3.12/site-packages/ros2_tutorial_interfaces/ros2_tutorial_interfaces_s__rosidl_typesupport_introspection_c.so" to ""
-- Installing: /home/ubuntu/Documents/ros2_tutorial/install/ros2_tutorial_interfaces/lib/python3.12/site-packages/ros2_tutorial_interfaces/ros2_tutorial_interfaces_s__rosidl_typesupport_c.so
-- Set non-toolchain portion of runtime path of "/home/ubuntu/Documents/ros2_tutorial/install/ros2_tutorial_interfaces/lib/python3.12/site-packages/ros2_tutorial_interfaces/ros2_tutorial_interfaces_s__rosidl_typesupport_c.so" to ""
-- Installing: /home/ubuntu/Documents/ros2_tutorial/install/ros2_tutorial_interfaces/lib/libros2_tutorial_interfaces__rosidl_generator_py.so
-- Set non-toolchain portion of runtime path of "/home/ubuntu/Documents/ros2_tutorial/install/ros2_tutorial_interfaces/lib/libros2_tutorial_interfaces__rosidl_generator_py.so" to ""
-- Installing: /home/ubuntu/Documents/ros2_tutorial/install/ros2_tutorial_interfaces/share/ament_index/resource_index/rust_packages/ros2_tutorial_interfaces
-- Installing: /home/ubuntu/Documents/ros2_tutorial/install/ros2_tutorial_interfaces/share/ros2_tutorial_interfaces/rust
-- Installing: /home/ubuntu/Documents/ros2_tutorial/install/ros2_tutorial_interfaces/share/ros2_tutorial_interfaces/rust/build.rs
-- Installing: /home/ubuntu/Documents/ros2_tutorial/install/ros2_tutorial_interfaces/share/ros2_tutorial_interfaces/rust/Cargo.toml
-- Installing: /home/ubuntu/Documents/ros2_tutorial/install/ros2_tutorial_interfaces/share/ros2_tutorial_interfaces/rust/src
-- Installing: /home/ubuntu/Documents/ros2_tutorial/install/ros2_tutorial_interfaces/share/ros2_tutorial_interfaces/rust/src/lib.rs
-- Installing: /home/ubuntu/Documents/ros2_tutorial/install/ros2_tutorial_interfaces/share/ros2_tutorial_interfaces/rust/src/action
-- Installing: /home/ubuntu/Documents/ros2_tutorial/install/ros2_tutorial_interfaces/share/ros2_tutorial_interfaces/rust/src/action/rmw.rs
-- Installing: /home/ubuntu/Documents/ros2_tutorial/install/ros2_tutorial_interfaces/share/ros2_tutorial_interfaces/rust/src/action.rs
-- Installing: /home/ubuntu/Documents/ros2_tutorial/install/ros2_tutorial_interfaces/share/ros2_tutorial_interfaces/action/Fibonacci.idl
-- Installing: /home/ubuntu/Documents/ros2_tutorial/install/ros2_tutorial_interfaces/share/ros2_tutorial_interfaces/action/Fibonacci.action
-- Installing: /home/ubuntu/Documents/ros2_tutorial/install/ros2_tutorial_interfaces/share/ament_index/resource_index/package_run_dependencies/ros2_tutorial_interfaces
-- Installing: /home/ubuntu/Documents/ros2_tutorial/install/ros2_tutorial_interfaces/share/ament_index/resource_index/parent_prefix_path/ros2_tutorial_interfaces
-- Installing: /home/ubuntu/Documents/ros2_tutorial/install/ros2_tutorial_interfaces/share/ros2_tutorial_interfaces/environment/ament_prefix_path.sh
-- Installing: /home/ubuntu/Documents/ros2_tutorial/install/ros2_tutorial_interfaces/share/ros2_tutorial_interfaces/environment/ament_prefix_path.dsv
-- Installing: /home/ubuntu/Documents/ros2_tutorial/install/ros2_tutorial_interfaces/share/ros2_tutorial_interfaces/environment/path.sh
-- Installing: /home/ubuntu/Documents/ros2_tutorial/install/ros2_tutorial_interfaces/share/ros2_tutorial_interfaces/environment/path.dsv
-- Installing: /home/ubuntu/Documents/ros2_tutorial/install/ros2_tutorial_interfaces/share/ros2_tutorial_interfaces/local_setup.bash
-- Installing: /home/ubuntu/Documents/ros2_tutorial/install/ros2_tutorial_interfaces/share/ros2_tutorial_interfaces/local_setup.sh
-- Installing: /home/ubuntu/Documents/ros2_tutorial/install/ros2_tutorial_interfaces/share/ros2_tutorial_interfaces/local_setup.zsh
-- Installing: /home/ubuntu/Documents/ros2_tutorial/install/ros2_tutorial_interfaces/share/ros2_tutorial_interfaces/local_setup.dsv
-- Installing: /home/ubuntu/Documents/ros2_tutorial/install/ros2_tutorial_interfaces/share/ros2_tutorial_interfaces/package.dsv
-- Installing: /home/ubuntu/Documents/ros2_tutorial/install/ros2_tutorial_interfaces/share/ament_index/resource_index/packages/ros2_tutorial_interfaces
-- Installing: /home/ubuntu/Documents/ros2_tutorial/install/ros2_tutorial_interfaces/share/ros2_tutorial_interfaces/cmake/export_ros2_tutorial_interfaces__rosidl_generator_cExport.cmake
-- Installing: /home/ubuntu/Documents/ros2_tutorial/install/ros2_tutorial_interfaces/share/ros2_tutorial_interfaces/cmake/export_ros2_tutorial_interfaces__rosidl_generator_cExport-noconfig.cmake
-- Installing: /home/ubuntu/Documents/ros2_tutorial/install/ros2_tutorial_interfaces/share/ros2_tutorial_interfaces/cmake/export_ros2_tutorial_interfaces__rosidl_typesupport_fastrtps_cExport.cmake
-- Installing: /home/ubuntu/Documents/ros2_tutorial/install/ros2_tutorial_interfaces/share/ros2_tutorial_interfaces/cmake/export_ros2_tutorial_interfaces__rosidl_typesupport_fastrtps_cExport-noconfig.cmake
-- Installing: /home/ubuntu/Documents/ros2_tutorial/install/ros2_tutorial_interfaces/share/ros2_tutorial_interfaces/cmake/ros2_tutorial_interfaces__rosidl_typesupport_introspection_cExport.cmake
-- Installing: /home/ubuntu/Documents/ros2_tutorial/install/ros2_tutorial_interfaces/share/ros2_tutorial_interfaces/cmake/ros2_tutorial_interfaces__rosidl_typesupport_introspection_cExport-noconfig.cmake
-- Installing: /home/ubuntu/Documents/ros2_tutorial/install/ros2_tutorial_interfaces/share/ros2_tutorial_interfaces/cmake/ros2_tutorial_interfaces__rosidl_typesupport_cExport.cmake
-- Installing: /home/ubuntu/Documents/ros2_tutorial/install/ros2_tutorial_interfaces/share/ros2_tutorial_interfaces/cmake/ros2_tutorial_interfaces__rosidl_typesupport_cExport-noconfig.cmake
-- Installing: /home/ubuntu/Documents/ros2_tutorial/install/ros2_tutorial_interfaces/share/ros2_tutorial_interfaces/cmake/export_ros2_tutorial_interfaces__rosidl_generator_cppExport.cmake
-- Installing: /home/ubuntu/Documents/ros2_tutorial/install/ros2_tutorial_interfaces/share/ros2_tutorial_interfaces/cmake/export_ros2_tutorial_interfaces__rosidl_typesupport_fastrtps_cppExport.cmake
-- Installing: /home/ubuntu/Documents/ros2_tutorial/install/ros2_tutorial_interfaces/share/ros2_tutorial_interfaces/cmake/export_ros2_tutorial_interfaces__rosidl_typesupport_fastrtps_cppExport-noconfig.cmake
-- Installing: /home/ubuntu/Documents/ros2_tutorial/install/ros2_tutorial_interfaces/share/ros2_tutorial_interfaces/cmake/ros2_tutorial_interfaces__rosidl_typesupport_introspection_cppExport.cmake
-- Installing: /home/ubuntu/Documents/ros2_tutorial/install/ros2_tutorial_interfaces/share/ros2_tutorial_interfaces/cmake/ros2_tutorial_interfaces__rosidl_typesupport_introspection_cppExport-noconfig.cmake
-- Installing: /home/ubuntu/Documents/ros2_tutorial/install/ros2_tutorial_interfaces/share/ros2_tutorial_interfaces/cmake/ros2_tutorial_interfaces__rosidl_typesupport_cppExport.cmake
-- Installing: /home/ubuntu/Documents/ros2_tutorial/install/ros2_tutorial_interfaces/share/ros2_tutorial_interfaces/cmake/ros2_tutorial_interfaces__rosidl_typesupport_cppExport-noconfig.cmake
-- Installing: /home/ubuntu/Documents/ros2_tutorial/install/ros2_tutorial_interfaces/share/ros2_tutorial_interfaces/cmake/export_ros2_tutorial_interfaces__rosidl_generator_pyExport.cmake
-- Installing: /home/ubuntu/Documents/ros2_tutorial/install/ros2_tutorial_interfaces/share/ros2_tutorial_interfaces/cmake/export_ros2_tutorial_interfaces__rosidl_generator_pyExport-noconfig.cmake
-- Installing: /home/ubuntu/Documents/ros2_tutorial/install/ros2_tutorial_interfaces/share/ros2_tutorial_interfaces/cmake/rosidl_cmake-extras.cmake
-- Installing: /home/ubuntu/Documents/ros2_tutorial/install/ros2_tutorial_interfaces/share/ros2_tutorial_interfaces/cmake/ament_cmake_export_dependencies-extras.cmake
-- Installing: /home/ubuntu/Documents/ros2_tutorial/install/ros2_tutorial_interfaces/share/ros2_tutorial_interfaces/cmake/ament_cmake_export_include_directories-extras.cmake
-- Installing: /home/ubuntu/Documents/ros2_tutorial/install/ros2_tutorial_interfaces/share/ros2_tutorial_interfaces/cmake/ament_cmake_export_libraries-extras.cmake
-- Installing: /home/ubuntu/Documents/ros2_tutorial/install/ros2_tutorial_interfaces/share/ros2_tutorial_interfaces/cmake/ament_cmake_export_targets-extras.cmake
-- Installing: /home/ubuntu/Documents/ros2_tutorial/install/ros2_tutorial_interfaces/share/ros2_tutorial_interfaces/cmake/rosidl_cmake_export_typesupport_targets-extras.cmake
-- Installing: /home/ubuntu/Documents/ros2_tutorial/install/ros2_tutorial_interfaces/share/ros2_tutorial_interfaces/cmake/rosidl_cmake_export_typesupport_libraries-extras.cmake
-- Installing: /home/ubuntu/Documents/ros2_tutorial/install/ros2_tutorial_interfaces/share/ros2_tutorial_interfaces/cmake/ros2_tutorial_interfacesConfig.cmake
-- Installing: /home/ubuntu/Documents/ros2_tutorial/install/ros2_tutorial_interfaces/share/ros2_tutorial_interfaces/cmake/ros2_tutorial_interfacesConfig-version.cmake
-- Installing: /home/ubuntu/Documents/ros2_tutorial/install/ros2_tutorial_interfaces/share/ros2_tutorial_interfaces/package.xml
