[0.012s] Invoking command in '/home/ubuntu/Documents/ros2_tutorial/build/ros2_tutorial_interfaces': CMAKE_PREFIX_PATH=${CMAKE_PREFIX_PATH}:/home/ubuntu/Documents/ros2_tutorial/install/ros2_tutorial:/opt/ros/jazzy DEBUGINFOD_URLS=https://debuginfod.ubuntu.com /usr/bin/cmake /home/ubuntu/Documents/ros2_tutorial/src/ros2_tutorial_interfaces -DCMAKE_INSTALL_PREFIX=/home/ubuntu/Documents/ros2_tutorial/install/ros2_tutorial_interfaces
[0.028s] -- Found ament_cmake: 2.5.6 (/opt/ros/jazzy/share/ament_cmake/cmake)
[0.176s] -- Found rosidl_default_generators: 1.6.0 (/opt/ros/jazzy/share/rosidl_default_generators/cmake)
[0.178s] -- Using all available rosidl_typesupport_c: rosidl_typesupport_fastrtps_c;rosidl_typesupport_introspection_c
[0.222s] -- Using all available rosidl_typesupport_cpp: rosidl_typesupport_fastrtps_cpp;rosidl_typesupport_introspection_cpp
[0.242s] -- Found rosidl_adapter: 4.6.7 (/opt/ros/jazzy/share/rosidl_adapter/cmake)
[0.651s] -- Found ament_cmake_ros: 0.12.0 (/opt/ros/jazzy/share/ament_cmake_ros/cmake)
[0.922s] -- Using all available rosidl_typesupport_c: rosidl_typesupport_fastrtps_c;rosidl_typesupport_introspection_c
[1.310s] -- Using all available rosidl_typesupport_cpp: rosidl_typesupport_fastrtps_cpp;rosidl_typesupport_introspection_cpp
[1.311s] -- Found python_cmake_module: 0.11.1 (/opt/ros/jazzy/share/python_cmake_module/cmake)
[1.395s] -- Found PythonExtra: /usr/bin/python3  
[1.678s] -- Found Python3: /usr/bin/python3 (found version "3.12.3") found components: Interpreter Development NumPy Development.Module Development.Embed 
[1.722s] -- Found Python3: /usr/bin/python3 (found version "3.12.3") found components: Interpreter 
[1.724s] -- Found ament_lint_auto: 0.17.5 (/opt/ros/jazzy/share/ament_lint_auto/cmake)
[1.739s] -- Added test 'lint_cmake' to check CMake code style
[1.740s] -- Added test 'xmllint' to check XML markup files
[1.743s] -- Configuring done (1.7s)
[1.779s] -- Generating done (0.0s)
[1.789s] -- Build files have been written to: /home/ubuntu/Documents/ros2_tutorial/build/ros2_tutorial_interfaces
[1.794s] Invoked command in '/home/ubuntu/Documents/ros2_tutorial/build/ros2_tutorial_interfaces' returned '0': CMAKE_PREFIX_PATH=${CMAKE_PREFIX_PATH}:/home/ubuntu/Documents/ros2_tutorial/install/ros2_tutorial:/opt/ros/jazzy DEBUGINFOD_URLS=https://debuginfod.ubuntu.com /usr/bin/cmake /home/ubuntu/Documents/ros2_tutorial/src/ros2_tutorial_interfaces -DCMAKE_INSTALL_PREFIX=/home/ubuntu/Documents/ros2_tutorial/install/ros2_tutorial_interfaces
[1.795s] Invoking command in '/home/ubuntu/Documents/ros2_tutorial/build/ros2_tutorial_interfaces': CMAKE_PREFIX_PATH=${CMAKE_PREFIX_PATH}:/home/ubuntu/Documents/ros2_tutorial/install/ros2_tutorial:/opt/ros/jazzy DEBUGINFOD_URLS=https://debuginfod.ubuntu.com /usr/bin/cmake --build /home/ubuntu/Documents/ros2_tutorial/build/ros2_tutorial_interfaces -- -j6 -l6
[1.828s] [  2%] [34m[1mGenerating type hashes for ROS interfaces[0m
[1.828s] [  5%] [34m[1mGenerating Rust code for ROS interfaces[0m
[1.832s] [  5%] Built target ament_cmake_python_copy_ros2_tutorial_interfaces
[1.966s] running egg_info
[1.966s] creating ros2_tutorial_interfaces.egg-info
[1.981s] writing ros2_tutorial_interfaces.egg-info/PKG-INFO
[1.981s] writing dependency_links to ros2_tutorial_interfaces.egg-info/dependency_links.txt
[1.981s] writing top-level names to ros2_tutorial_interfaces.egg-info/top_level.txt
[1.981s] writing manifest file 'ros2_tutorial_interfaces.egg-info/SOURCES.txt'
[1.991s] [  5%] Built target ros2_tutorial_interfaces__rosidl_generator_type_description
[2.014s] [  8%] [34m[1mGenerating C code for ROS interfaces[0m
[2.027s] [  8%] Built target ros2_tutorial_interfaces__rs
[2.035s] [ 11%] [34m[1mGenerating C++ code for ROS interfaces[0m
[2.037s] reading manifest file 'ros2_tutorial_interfaces.egg-info/SOURCES.txt'
[2.037s] writing manifest file 'ros2_tutorial_interfaces.egg-info/SOURCES.txt'
[2.058s] [ 11%] Built target ament_cmake_python_build_ros2_tutorial_interfaces_egg
[2.303s] [ 11%] Built target ros2_tutorial_interfaces__cpp
[2.321s] [ 17%] [32mBuilding C object CMakeFiles/ros2_tutorial_interfaces__rosidl_generator_c.dir/rosidl_generator_c/ros2_tutorial_interfaces/action/detail/fibonacci__functions.c.o[0m
[2.321s] [ 17%] [32mBuilding C object CMakeFiles/ros2_tutorial_interfaces__rosidl_generator_c.dir/rosidl_generator_c/ros2_tutorial_interfaces/action/detail/fibonacci__description.c.o[0m
[2.322s] [ 20%] [32mBuilding C object CMakeFiles/ros2_tutorial_interfaces__rosidl_generator_c.dir/rosidl_generator_c/ros2_tutorial_interfaces/action/detail/fibonacci__type_support.c.o[0m
[2.525s] [ 22%] [32m[1mLinking C shared library libros2_tutorial_interfaces__rosidl_generator_c.so[0m
[2.556s] [ 22%] Built target ros2_tutorial_interfaces__rosidl_generator_c
[2.564s] [ 25%] [34m[1mGenerating C type support for eProsima Fast-RTPS[0m
[2.564s] [ 28%] [34m[1mGenerating C type support dispatch for ROS interfaces[0m
[2.564s] [ 31%] [34m[1mGenerating C introspection for ROS interfaces[0m
[2.564s] [ 34%] [34m[1mGenerating C++ type support for eProsima Fast-RTPS[0m
[2.564s] [ 37%] [34m[1mGenerating C++ introspection for ROS interfaces[0m
[2.564s] [ 40%] [34m[1mGenerating C++ type support dispatch for ROS interfaces[0m
[2.774s] [ 42%] [32mBuilding CXX object CMakeFiles/ros2_tutorial_interfaces__rosidl_typesupport_cpp.dir/rosidl_typesupport_cpp/ros2_tutorial_interfaces/action/fibonacci__type_support.cpp.o[0m
[2.775s] [ 45%] [32mBuilding CXX object CMakeFiles/ros2_tutorial_interfaces__rosidl_typesupport_c.dir/rosidl_typesupport_c/ros2_tutorial_interfaces/action/fibonacci__type_support.cpp.o[0m
[2.822s] [ 51%] [32mBuilding CXX object CMakeFiles/ros2_tutorial_interfaces__rosidl_typesupport_introspection_cpp.dir/rosidl_typesupport_introspection_cpp/ros2_tutorial_interfaces/action/detail/fibonacci__type_support.cpp.o[0m
[2.822s] [ 51%] [32mBuilding C object CMakeFiles/ros2_tutorial_interfaces__rosidl_typesupport_introspection_c.dir/rosidl_typesupport_introspection_c/ros2_tutorial_interfaces/action/detail/fibonacci__type_support.c.o[0m
[2.832s] [ 54%] [32m[1mLinking CXX shared library libros2_tutorial_interfaces__rosidl_typesupport_c.so[0m
[2.858s] [ 54%] Built target ros2_tutorial_interfaces__rosidl_typesupport_c
[2.872s] [ 57%] [32m[1mLinking C shared library libros2_tutorial_interfaces__rosidl_typesupport_introspection_c.so[0m
[2.892s] [ 57%] Built target ros2_tutorial_interfaces__rosidl_typesupport_introspection_c
[2.898s] [ 60%] [32mBuilding CXX object CMakeFiles/ros2_tutorial_interfaces__rosidl_typesupport_fastrtps_cpp.dir/rosidl_typesupport_fastrtps_cpp/ros2_tutorial_interfaces/action/detail/dds_fastrtps/fibonacci__type_support.cpp.o[0m
[2.927s] [ 62%] [32mBuilding CXX object CMakeFiles/ros2_tutorial_interfaces__rosidl_typesupport_fastrtps_c.dir/rosidl_typesupport_fastrtps_c/ros2_tutorial_interfaces/action/detail/fibonacci__type_support_c.cpp.o[0m
[3.404s] [ 65%] [32m[1mLinking CXX shared library libros2_tutorial_interfaces__rosidl_typesupport_fastrtps_c.so[0m
[3.406s] [ 68%] [32m[1mLinking CXX shared library libros2_tutorial_interfaces__rosidl_typesupport_cpp.so[0m
[3.440s] [ 68%] Built target ros2_tutorial_interfaces__rosidl_typesupport_fastrtps_c
[3.457s] [ 68%] Built target ros2_tutorial_interfaces__rosidl_typesupport_cpp
[3.472s] [ 71%] [32m[1mLinking CXX shared library libros2_tutorial_interfaces__rosidl_typesupport_introspection_cpp.so[0m
[3.519s] [ 71%] Built target ros2_tutorial_interfaces__rosidl_typesupport_introspection_cpp
[3.658s] [ 74%] [32m[1mLinking CXX shared library libros2_tutorial_interfaces__rosidl_typesupport_fastrtps_cpp.so[0m
[3.705s] [ 74%] Built target ros2_tutorial_interfaces__rosidl_typesupport_fastrtps_cpp
[3.716s] [ 74%] Built target ros2_tutorial_interfaces
[3.728s] [ 77%] [34m[1mGenerating Python code for ROS interfaces[0m
[4.144s] [ 77%] Built target ros2_tutorial_interfaces__py
[4.158s] [ 80%] [32mBuilding C object CMakeFiles/ros2_tutorial_interfaces__rosidl_generator_py.dir/rosidl_generator_py/ros2_tutorial_interfaces/action/_fibonacci_s.c.o[0m
[4.386s] [ 82%] [32m[1mLinking C shared library libros2_tutorial_interfaces__rosidl_generator_py.so[0m
[4.417s] [ 82%] Built target ros2_tutorial_interfaces__rosidl_generator_py
[4.430s] [ 85%] [32mBuilding C object CMakeFiles/ros2_tutorial_interfaces_s__rosidl_typesupport_introspection_c.dir/rosidl_generator_py/ros2_tutorial_interfaces/_ros2_tutorial_interfaces_s.ep.rosidl_typesupport_introspection_c.c.o[0m
[4.430s] [ 88%] [32mBuilding C object CMakeFiles/ros2_tutorial_interfaces_s__rosidl_typesupport_fastrtps_c.dir/rosidl_generator_py/ros2_tutorial_interfaces/_ros2_tutorial_interfaces_s.ep.rosidl_typesupport_fastrtps_c.c.o[0m
[4.430s] [ 91%] [32mBuilding C object CMakeFiles/ros2_tutorial_interfaces_s__rosidl_typesupport_c.dir/rosidl_generator_py/ros2_tutorial_interfaces/_ros2_tutorial_interfaces_s.ep.rosidl_typesupport_c.c.o[0m
[4.514s] [100%] [32m[1mLinking C shared module rosidl_generator_py/ros2_tutorial_interfaces/ros2_tutorial_interfaces_s__rosidl_typesupport_introspection_c.so[0m
[4.514s] [100%] [32m[1mLinking C shared module rosidl_generator_py/ros2_tutorial_interfaces/ros2_tutorial_interfaces_s__rosidl_typesupport_fastrtps_c.so[0m
[4.515s] [100%] [32m[1mLinking C shared module rosidl_generator_py/ros2_tutorial_interfaces/ros2_tutorial_interfaces_s__rosidl_typesupport_c.so[0m
[4.535s] [100%] Built target ros2_tutorial_interfaces_s__rosidl_typesupport_c
[4.535s] [100%] Built target ros2_tutorial_interfaces_s__rosidl_typesupport_introspection_c
[4.535s] [100%] Built target ros2_tutorial_interfaces_s__rosidl_typesupport_fastrtps_c
[4.544s] Invoked command in '/home/ubuntu/Documents/ros2_tutorial/build/ros2_tutorial_interfaces' returned '0': CMAKE_PREFIX_PATH=${CMAKE_PREFIX_PATH}:/home/ubuntu/Documents/ros2_tutorial/install/ros2_tutorial:/opt/ros/jazzy DEBUGINFOD_URLS=https://debuginfod.ubuntu.com /usr/bin/cmake --build /home/ubuntu/Documents/ros2_tutorial/build/ros2_tutorial_interfaces -- -j6 -l6
[4.551s] Invoking command in '/home/ubuntu/Documents/ros2_tutorial/build/ros2_tutorial_interfaces': CMAKE_PREFIX_PATH=${CMAKE_PREFIX_PATH}:/home/ubuntu/Documents/ros2_tutorial/install/ros2_tutorial:/opt/ros/jazzy DEBUGINFOD_URLS=https://debuginfod.ubuntu.com /usr/bin/cmake --install /home/ubuntu/Documents/ros2_tutorial/build/ros2_tutorial_interfaces
[4.556s] -- Install configuration: ""
[4.556s] -- Installing: /home/ubuntu/Documents/ros2_tutorial/install/ros2_tutorial_interfaces/share/ament_index/resource_index/rosidl_interfaces/ros2_tutorial_interfaces
[4.556s] -- Installing: /home/ubuntu/Documents/ros2_tutorial/install/ros2_tutorial_interfaces/share/ros2_tutorial_interfaces/action/Fibonacci.json
[4.556s] -- Installing: /home/ubuntu/Documents/ros2_tutorial/install/ros2_tutorial_interfaces/include/ros2_tutorial_interfaces/ros2_tutorial_interfaces
[4.557s] -- Installing: /home/ubuntu/Documents/ros2_tutorial/install/ros2_tutorial_interfaces/include/ros2_tutorial_interfaces/ros2_tutorial_interfaces/action
[4.557s] -- Installing: /home/ubuntu/Documents/ros2_tutorial/install/ros2_tutorial_interfaces/include/ros2_tutorial_interfaces/ros2_tutorial_interfaces/action/detail
[4.557s] -- Installing: /home/ubuntu/Documents/ros2_tutorial/install/ros2_tutorial_interfaces/include/ros2_tutorial_interfaces/ros2_tutorial_interfaces/action/detail/fibonacci__type_support.h
[4.557s] -- Installing: /home/ubuntu/Documents/ros2_tutorial/install/ros2_tutorial_interfaces/include/ros2_tutorial_interfaces/ros2_tutorial_interfaces/action/detail/fibonacci__type_support.c
[4.557s] -- Installing: /home/ubuntu/Documents/ros2_tutorial/install/ros2_tutorial_interfaces/include/ros2_tutorial_interfaces/ros2_tutorial_interfaces/action/detail/fibonacci__struct.h
[4.558s] -- Installing: /home/ubuntu/Documents/ros2_tutorial/install/ros2_tutorial_interfaces/include/ros2_tutorial_interfaces/ros2_tutorial_interfaces/action/detail/fibonacci__functions.h
[4.558s] -- Installing: /home/ubuntu/Documents/ros2_tutorial/install/ros2_tutorial_interfaces/include/ros2_tutorial_interfaces/ros2_tutorial_interfaces/action/detail/fibonacci__functions.c
[4.558s] -- Installing: /home/ubuntu/Documents/ros2_tutorial/install/ros2_tutorial_interfaces/include/ros2_tutorial_interfaces/ros2_tutorial_interfaces/action/detail/fibonacci__description.c
[4.558s] -- Installing: /home/ubuntu/Documents/ros2_tutorial/install/ros2_tutorial_interfaces/include/ros2_tutorial_interfaces/ros2_tutorial_interfaces/action/fibonacci.h
[4.558s] -- Installing: /home/ubuntu/Documents/ros2_tutorial/install/ros2_tutorial_interfaces/include/ros2_tutorial_interfaces/ros2_tutorial_interfaces/msg
[4.558s] -- Installing: /home/ubuntu/Documents/ros2_tutorial/install/ros2_tutorial_interfaces/include/ros2_tutorial_interfaces/ros2_tutorial_interfaces/msg/rosidl_generator_c__visibility_control.h
[4.558s] -- Installing: /home/ubuntu/Documents/ros2_tutorial/install/ros2_tutorial_interfaces/share/ros2_tutorial_interfaces/environment/library_path.sh
[4.559s] -- Installing: /home/ubuntu/Documents/ros2_tutorial/install/ros2_tutorial_interfaces/share/ros2_tutorial_interfaces/environment/library_path.dsv
[4.559s] -- Installing: /home/ubuntu/Documents/ros2_tutorial/install/ros2_tutorial_interfaces/lib/libros2_tutorial_interfaces__rosidl_generator_c.so
[4.559s] -- Set non-toolchain portion of runtime path of "/home/ubuntu/Documents/ros2_tutorial/install/ros2_tutorial_interfaces/lib/libros2_tutorial_interfaces__rosidl_generator_c.so" to ""
[4.559s] -- Up-to-date: /home/ubuntu/Documents/ros2_tutorial/install/ros2_tutorial_interfaces/include/ros2_tutorial_interfaces/ros2_tutorial_interfaces
[4.559s] -- Up-to-date: /home/ubuntu/Documents/ros2_tutorial/install/ros2_tutorial_interfaces/include/ros2_tutorial_interfaces/ros2_tutorial_interfaces/action
[4.559s] -- Up-to-date: /home/ubuntu/Documents/ros2_tutorial/install/ros2_tutorial_interfaces/include/ros2_tutorial_interfaces/ros2_tutorial_interfaces/action/detail
[4.559s] -- Installing: /home/ubuntu/Documents/ros2_tutorial/install/ros2_tutorial_interfaces/include/ros2_tutorial_interfaces/ros2_tutorial_interfaces/action/detail/fibonacci__rosidl_typesupport_fastrtps_c.h
[4.559s] -- Up-to-date: /home/ubuntu/Documents/ros2_tutorial/install/ros2_tutorial_interfaces/include/ros2_tutorial_interfaces/ros2_tutorial_interfaces/msg
[4.559s] -- Installing: /home/ubuntu/Documents/ros2_tutorial/install/ros2_tutorial_interfaces/include/ros2_tutorial_interfaces/ros2_tutorial_interfaces/msg/rosidl_typesupport_fastrtps_c__visibility_control.h
[4.559s] -- Installing: /home/ubuntu/Documents/ros2_tutorial/install/ros2_tutorial_interfaces/lib/libros2_tutorial_interfaces__rosidl_typesupport_fastrtps_c.so
[4.559s] -- Set non-toolchain portion of runtime path of "/home/ubuntu/Documents/ros2_tutorial/install/ros2_tutorial_interfaces/lib/libros2_tutorial_interfaces__rosidl_typesupport_fastrtps_c.so" to ""
[4.559s] -- Up-to-date: /home/ubuntu/Documents/ros2_tutorial/install/ros2_tutorial_interfaces/include/ros2_tutorial_interfaces/ros2_tutorial_interfaces
[4.559s] -- Up-to-date: /home/ubuntu/Documents/ros2_tutorial/install/ros2_tutorial_interfaces/include/ros2_tutorial_interfaces/ros2_tutorial_interfaces/action
[4.559s] -- Up-to-date: /home/ubuntu/Documents/ros2_tutorial/install/ros2_tutorial_interfaces/include/ros2_tutorial_interfaces/ros2_tutorial_interfaces/action/detail
[4.560s] -- Up-to-date: /home/ubuntu/Documents/ros2_tutorial/install/ros2_tutorial_interfaces/include/ros2_tutorial_interfaces/ros2_tutorial_interfaces/action/detail/fibonacci__type_support.c
[4.560s] -- Installing: /home/ubuntu/Documents/ros2_tutorial/install/ros2_tutorial_interfaces/include/ros2_tutorial_interfaces/ros2_tutorial_interfaces/action/detail/fibonacci__rosidl_typesupport_introspection_c.h
[4.560s] -- Up-to-date: /home/ubuntu/Documents/ros2_tutorial/install/ros2_tutorial_interfaces/include/ros2_tutorial_interfaces/ros2_tutorial_interfaces/msg
[4.560s] -- Installing: /home/ubuntu/Documents/ros2_tutorial/install/ros2_tutorial_interfaces/include/ros2_tutorial_interfaces/ros2_tutorial_interfaces/msg/rosidl_typesupport_introspection_c__visibility_control.h
[4.560s] -- Installing: /home/ubuntu/Documents/ros2_tutorial/install/ros2_tutorial_interfaces/lib/libros2_tutorial_interfaces__rosidl_typesupport_introspection_c.so
[4.560s] -- Set non-toolchain portion of runtime path of "/home/ubuntu/Documents/ros2_tutorial/install/ros2_tutorial_interfaces/lib/libros2_tutorial_interfaces__rosidl_typesupport_introspection_c.so" to ""
[4.560s] -- Installing: /home/ubuntu/Documents/ros2_tutorial/install/ros2_tutorial_interfaces/lib/libros2_tutorial_interfaces__rosidl_typesupport_c.so
[4.561s] -- Set non-toolchain portion of runtime path of "/home/ubuntu/Documents/ros2_tutorial/install/ros2_tutorial_interfaces/lib/libros2_tutorial_interfaces__rosidl_typesupport_c.so" to ""
[4.561s] -- Up-to-date: /home/ubuntu/Documents/ros2_tutorial/install/ros2_tutorial_interfaces/include/ros2_tutorial_interfaces/ros2_tutorial_interfaces
[4.561s] -- Up-to-date: /home/ubuntu/Documents/ros2_tutorial/install/ros2_tutorial_interfaces/include/ros2_tutorial_interfaces/ros2_tutorial_interfaces/action
[4.561s] -- Up-to-date: /home/ubuntu/Documents/ros2_tutorial/install/ros2_tutorial_interfaces/include/ros2_tutorial_interfaces/ros2_tutorial_interfaces/action/detail
[4.561s] -- Installing: /home/ubuntu/Documents/ros2_tutorial/install/ros2_tutorial_interfaces/include/ros2_tutorial_interfaces/ros2_tutorial_interfaces/action/detail/fibonacci__type_support.hpp
[4.562s] -- Installing: /home/ubuntu/Documents/ros2_tutorial/install/ros2_tutorial_interfaces/include/ros2_tutorial_interfaces/ros2_tutorial_interfaces/action/detail/fibonacci__traits.hpp
[4.562s] -- Installing: /home/ubuntu/Documents/ros2_tutorial/install/ros2_tutorial_interfaces/include/ros2_tutorial_interfaces/ros2_tutorial_interfaces/action/detail/fibonacci__struct.hpp
[4.562s] -- Installing: /home/ubuntu/Documents/ros2_tutorial/install/ros2_tutorial_interfaces/include/ros2_tutorial_interfaces/ros2_tutorial_interfaces/action/detail/fibonacci__builder.hpp
[4.562s] -- Installing: /home/ubuntu/Documents/ros2_tutorial/install/ros2_tutorial_interfaces/include/ros2_tutorial_interfaces/ros2_tutorial_interfaces/action/fibonacci.hpp
[4.562s] -- Up-to-date: /home/ubuntu/Documents/ros2_tutorial/install/ros2_tutorial_interfaces/include/ros2_tutorial_interfaces/ros2_tutorial_interfaces/msg
[4.562s] -- Installing: /home/ubuntu/Documents/ros2_tutorial/install/ros2_tutorial_interfaces/include/ros2_tutorial_interfaces/ros2_tutorial_interfaces/msg/rosidl_generator_cpp__visibility_control.hpp
[4.562s] -- Up-to-date: /home/ubuntu/Documents/ros2_tutorial/install/ros2_tutorial_interfaces/include/ros2_tutorial_interfaces/ros2_tutorial_interfaces
[4.562s] -- Up-to-date: /home/ubuntu/Documents/ros2_tutorial/install/ros2_tutorial_interfaces/include/ros2_tutorial_interfaces/ros2_tutorial_interfaces/action
[4.563s] -- Up-to-date: /home/ubuntu/Documents/ros2_tutorial/install/ros2_tutorial_interfaces/include/ros2_tutorial_interfaces/ros2_tutorial_interfaces/action/detail
[4.563s] -- Installing: /home/ubuntu/Documents/ros2_tutorial/install/ros2_tutorial_interfaces/include/ros2_tutorial_interfaces/ros2_tutorial_interfaces/action/detail/dds_fastrtps
[4.563s] -- Installing: /home/ubuntu/Documents/ros2_tutorial/install/ros2_tutorial_interfaces/include/ros2_tutorial_interfaces/ros2_tutorial_interfaces/action/detail/fibonacci__rosidl_typesupport_fastrtps_cpp.hpp
[4.563s] -- Up-to-date: /home/ubuntu/Documents/ros2_tutorial/install/ros2_tutorial_interfaces/include/ros2_tutorial_interfaces/ros2_tutorial_interfaces/msg
[4.563s] -- Installing: /home/ubuntu/Documents/ros2_tutorial/install/ros2_tutorial_interfaces/include/ros2_tutorial_interfaces/ros2_tutorial_interfaces/msg/rosidl_typesupport_fastrtps_cpp__visibility_control.h
[4.563s] -- Installing: /home/ubuntu/Documents/ros2_tutorial/install/ros2_tutorial_interfaces/lib/libros2_tutorial_interfaces__rosidl_typesupport_fastrtps_cpp.so
[4.563s] -- Set non-toolchain portion of runtime path of "/home/ubuntu/Documents/ros2_tutorial/install/ros2_tutorial_interfaces/lib/libros2_tutorial_interfaces__rosidl_typesupport_fastrtps_cpp.so" to ""
[4.563s] -- Up-to-date: /home/ubuntu/Documents/ros2_tutorial/install/ros2_tutorial_interfaces/include/ros2_tutorial_interfaces/ros2_tutorial_interfaces
[4.563s] -- Up-to-date: /home/ubuntu/Documents/ros2_tutorial/install/ros2_tutorial_interfaces/include/ros2_tutorial_interfaces/ros2_tutorial_interfaces/action
[4.563s] -- Up-to-date: /home/ubuntu/Documents/ros2_tutorial/install/ros2_tutorial_interfaces/include/ros2_tutorial_interfaces/ros2_tutorial_interfaces/action/detail
[4.563s] -- Installing: /home/ubuntu/Documents/ros2_tutorial/install/ros2_tutorial_interfaces/include/ros2_tutorial_interfaces/ros2_tutorial_interfaces/action/detail/fibonacci__type_support.cpp
[4.564s] -- Installing: /home/ubuntu/Documents/ros2_tutorial/install/ros2_tutorial_interfaces/include/ros2_tutorial_interfaces/ros2_tutorial_interfaces/action/detail/fibonacci__rosidl_typesupport_introspection_cpp.hpp
[4.564s] -- Installing: /home/ubuntu/Documents/ros2_tutorial/install/ros2_tutorial_interfaces/lib/libros2_tutorial_interfaces__rosidl_typesupport_introspection_cpp.so
[4.564s] -- Set non-toolchain portion of runtime path of "/home/ubuntu/Documents/ros2_tutorial/install/ros2_tutorial_interfaces/lib/libros2_tutorial_interfaces__rosidl_typesupport_introspection_cpp.so" to ""
[4.564s] -- Installing: /home/ubuntu/Documents/ros2_tutorial/install/ros2_tutorial_interfaces/lib/libros2_tutorial_interfaces__rosidl_typesupport_cpp.so
[4.564s] -- Set non-toolchain portion of runtime path of "/home/ubuntu/Documents/ros2_tutorial/install/ros2_tutorial_interfaces/lib/libros2_tutorial_interfaces__rosidl_typesupport_cpp.so" to ""
[4.564s] -- Installing: /home/ubuntu/Documents/ros2_tutorial/install/ros2_tutorial_interfaces/share/ros2_tutorial_interfaces/environment/pythonpath.sh
[4.565s] -- Installing: /home/ubuntu/Documents/ros2_tutorial/install/ros2_tutorial_interfaces/share/ros2_tutorial_interfaces/environment/pythonpath.dsv
[4.565s] -- Installing: /home/ubuntu/Documents/ros2_tutorial/install/ros2_tutorial_interfaces/lib/python3.12/site-packages/ros2_tutorial_interfaces-0.0.0-py3.12.egg-info
[4.565s] -- Installing: /home/ubuntu/Documents/ros2_tutorial/install/ros2_tutorial_interfaces/lib/python3.12/site-packages/ros2_tutorial_interfaces-0.0.0-py3.12.egg-info/SOURCES.txt
[4.565s] -- Installing: /home/ubuntu/Documents/ros2_tutorial/install/ros2_tutorial_interfaces/lib/python3.12/site-packages/ros2_tutorial_interfaces-0.0.0-py3.12.egg-info/top_level.txt
[4.565s] -- Installing: /home/ubuntu/Documents/ros2_tutorial/install/ros2_tutorial_interfaces/lib/python3.12/site-packages/ros2_tutorial_interfaces-0.0.0-py3.12.egg-info/dependency_links.txt
[4.565s] -- Installing: /home/ubuntu/Documents/ros2_tutorial/install/ros2_tutorial_interfaces/lib/python3.12/site-packages/ros2_tutorial_interfaces-0.0.0-py3.12.egg-info/PKG-INFO
[4.566s] -- Installing: /home/ubuntu/Documents/ros2_tutorial/install/ros2_tutorial_interfaces/lib/python3.12/site-packages/ros2_tutorial_interfaces
[4.566s] -- Installing: /home/ubuntu/Documents/ros2_tutorial/install/ros2_tutorial_interfaces/lib/python3.12/site-packages/ros2_tutorial_interfaces/ros2_tutorial_interfaces_s__rosidl_typesupport_introspection_c.so
[4.566s] -- Installing: /home/ubuntu/Documents/ros2_tutorial/install/ros2_tutorial_interfaces/lib/python3.12/site-packages/ros2_tutorial_interfaces/ros2_tutorial_interfaces_s__rosidl_typesupport_fastrtps_c.so
[4.566s] -- Installing: /home/ubuntu/Documents/ros2_tutorial/install/ros2_tutorial_interfaces/lib/python3.12/site-packages/ros2_tutorial_interfaces/ros2_tutorial_interfaces_s__rosidl_typesupport_c.so
[4.566s] -- Installing: /home/ubuntu/Documents/ros2_tutorial/install/ros2_tutorial_interfaces/lib/python3.12/site-packages/ros2_tutorial_interfaces/_ros2_tutorial_interfaces_s.ep.rosidl_typesupport_c.c
[4.566s] -- Installing: /home/ubuntu/Documents/ros2_tutorial/install/ros2_tutorial_interfaces/lib/python3.12/site-packages/ros2_tutorial_interfaces/_ros2_tutorial_interfaces_s.ep.rosidl_typesupport_introspection_c.c
[4.566s] -- Installing: /home/ubuntu/Documents/ros2_tutorial/install/ros2_tutorial_interfaces/lib/python3.12/site-packages/ros2_tutorial_interfaces/_ros2_tutorial_interfaces_s.ep.rosidl_typesupport_fastrtps_c.c
[4.566s] -- Installing: /home/ubuntu/Documents/ros2_tutorial/install/ros2_tutorial_interfaces/lib/python3.12/site-packages/ros2_tutorial_interfaces/action
[4.566s] -- Installing: /home/ubuntu/Documents/ros2_tutorial/install/ros2_tutorial_interfaces/lib/python3.12/site-packages/ros2_tutorial_interfaces/action/__init__.py
[4.566s] -- Installing: /home/ubuntu/Documents/ros2_tutorial/install/ros2_tutorial_interfaces/lib/python3.12/site-packages/ros2_tutorial_interfaces/action/_fibonacci_s.c
[4.567s] -- Installing: /home/ubuntu/Documents/ros2_tutorial/install/ros2_tutorial_interfaces/lib/python3.12/site-packages/ros2_tutorial_interfaces/action/_fibonacci.py
[4.567s] -- Installing: /home/ubuntu/Documents/ros2_tutorial/install/ros2_tutorial_interfaces/lib/python3.12/site-packages/ros2_tutorial_interfaces/__init__.py
[4.607s] Listing '/home/ubuntu/Documents/ros2_tutorial/install/ros2_tutorial_interfaces/lib/python3.12/site-packages/ros2_tutorial_interfaces'...
[4.607s] Compiling '/home/ubuntu/Documents/ros2_tutorial/install/ros2_tutorial_interfaces/lib/python3.12/site-packages/ros2_tutorial_interfaces/__init__.py'...
[4.607s] Listing '/home/ubuntu/Documents/ros2_tutorial/install/ros2_tutorial_interfaces/lib/python3.12/site-packages/ros2_tutorial_interfaces/action'...
[4.607s] Compiling '/home/ubuntu/Documents/ros2_tutorial/install/ros2_tutorial_interfaces/lib/python3.12/site-packages/ros2_tutorial_interfaces/action/__init__.py'...
[4.607s] Compiling '/home/ubuntu/Documents/ros2_tutorial/install/ros2_tutorial_interfaces/lib/python3.12/site-packages/ros2_tutorial_interfaces/action/_fibonacci.py'...
[4.613s] -- Installing: /home/ubuntu/Documents/ros2_tutorial/install/ros2_tutorial_interfaces/lib/python3.12/site-packages/ros2_tutorial_interfaces/ros2_tutorial_interfaces_s__rosidl_typesupport_fastrtps_c.so
[4.613s] -- Set non-toolchain portion of runtime path of "/home/ubuntu/Documents/ros2_tutorial/install/ros2_tutorial_interfaces/lib/python3.12/site-packages/ros2_tutorial_interfaces/ros2_tutorial_interfaces_s__rosidl_typesupport_fastrtps_c.so" to ""
[4.613s] -- Installing: /home/ubuntu/Documents/ros2_tutorial/install/ros2_tutorial_interfaces/lib/python3.12/site-packages/ros2_tutorial_interfaces/ros2_tutorial_interfaces_s__rosidl_typesupport_introspection_c.so
[4.614s] -- Set non-toolchain portion of runtime path of "/home/ubuntu/Documents/ros2_tutorial/install/ros2_tutorial_interfaces/lib/python3.12/site-packages/ros2_tutorial_interfaces/ros2_tutorial_interfaces_s__rosidl_typesupport_introspection_c.so" to ""
[4.614s] -- Installing: /home/ubuntu/Documents/ros2_tutorial/install/ros2_tutorial_interfaces/lib/python3.12/site-packages/ros2_tutorial_interfaces/ros2_tutorial_interfaces_s__rosidl_typesupport_c.so
[4.614s] -- Set non-toolchain portion of runtime path of "/home/ubuntu/Documents/ros2_tutorial/install/ros2_tutorial_interfaces/lib/python3.12/site-packages/ros2_tutorial_interfaces/ros2_tutorial_interfaces_s__rosidl_typesupport_c.so" to ""
[4.614s] -- Installing: /home/ubuntu/Documents/ros2_tutorial/install/ros2_tutorial_interfaces/lib/libros2_tutorial_interfaces__rosidl_generator_py.so
[4.615s] -- Set non-toolchain portion of runtime path of "/home/ubuntu/Documents/ros2_tutorial/install/ros2_tutorial_interfaces/lib/libros2_tutorial_interfaces__rosidl_generator_py.so" to ""
[4.615s] -- Installing: /home/ubuntu/Documents/ros2_tutorial/install/ros2_tutorial_interfaces/share/ament_index/resource_index/rust_packages/ros2_tutorial_interfaces
[4.615s] -- Installing: /home/ubuntu/Documents/ros2_tutorial/install/ros2_tutorial_interfaces/share/ros2_tutorial_interfaces/rust
[4.615s] -- Installing: /home/ubuntu/Documents/ros2_tutorial/install/ros2_tutorial_interfaces/share/ros2_tutorial_interfaces/rust/build.rs
[4.615s] -- Installing: /home/ubuntu/Documents/ros2_tutorial/install/ros2_tutorial_interfaces/share/ros2_tutorial_interfaces/rust/Cargo.toml
[4.616s] -- Installing: /home/ubuntu/Documents/ros2_tutorial/install/ros2_tutorial_interfaces/share/ros2_tutorial_interfaces/rust/src
[4.616s] -- Installing: /home/ubuntu/Documents/ros2_tutorial/install/ros2_tutorial_interfaces/share/ros2_tutorial_interfaces/rust/src/lib.rs
[4.616s] -- Installing: /home/ubuntu/Documents/ros2_tutorial/install/ros2_tutorial_interfaces/share/ros2_tutorial_interfaces/rust/src/action
[4.616s] -- Installing: /home/ubuntu/Documents/ros2_tutorial/install/ros2_tutorial_interfaces/share/ros2_tutorial_interfaces/rust/src/action/rmw.rs
[4.616s] -- Installing: /home/ubuntu/Documents/ros2_tutorial/install/ros2_tutorial_interfaces/share/ros2_tutorial_interfaces/rust/src/action.rs
[4.616s] -- Installing: /home/ubuntu/Documents/ros2_tutorial/install/ros2_tutorial_interfaces/share/ros2_tutorial_interfaces/action/Fibonacci.idl
[4.617s] -- Installing: /home/ubuntu/Documents/ros2_tutorial/install/ros2_tutorial_interfaces/share/ros2_tutorial_interfaces/action/Fibonacci.action
[4.617s] -- Installing: /home/ubuntu/Documents/ros2_tutorial/install/ros2_tutorial_interfaces/share/ament_index/resource_index/package_run_dependencies/ros2_tutorial_interfaces
[4.617s] -- Installing: /home/ubuntu/Documents/ros2_tutorial/install/ros2_tutorial_interfaces/share/ament_index/resource_index/parent_prefix_path/ros2_tutorial_interfaces
[4.617s] -- Installing: /home/ubuntu/Documents/ros2_tutorial/install/ros2_tutorial_interfaces/share/ros2_tutorial_interfaces/environment/ament_prefix_path.sh
[4.617s] -- Installing: /home/ubuntu/Documents/ros2_tutorial/install/ros2_tutorial_interfaces/share/ros2_tutorial_interfaces/environment/ament_prefix_path.dsv
[4.617s] -- Installing: /home/ubuntu/Documents/ros2_tutorial/install/ros2_tutorial_interfaces/share/ros2_tutorial_interfaces/environment/path.sh
[4.618s] -- Installing: /home/ubuntu/Documents/ros2_tutorial/install/ros2_tutorial_interfaces/share/ros2_tutorial_interfaces/environment/path.dsv
[4.618s] -- Installing: /home/ubuntu/Documents/ros2_tutorial/install/ros2_tutorial_interfaces/share/ros2_tutorial_interfaces/local_setup.bash
[4.618s] -- Installing: /home/ubuntu/Documents/ros2_tutorial/install/ros2_tutorial_interfaces/share/ros2_tutorial_interfaces/local_setup.sh
[4.618s] -- Installing: /home/ubuntu/Documents/ros2_tutorial/install/ros2_tutorial_interfaces/share/ros2_tutorial_interfaces/local_setup.zsh
[4.618s] -- Installing: /home/ubuntu/Documents/ros2_tutorial/install/ros2_tutorial_interfaces/share/ros2_tutorial_interfaces/local_setup.dsv
[4.619s] -- Installing: /home/ubuntu/Documents/ros2_tutorial/install/ros2_tutorial_interfaces/share/ros2_tutorial_interfaces/package.dsv
[4.619s] -- Installing: /home/ubuntu/Documents/ros2_tutorial/install/ros2_tutorial_interfaces/share/ament_index/resource_index/packages/ros2_tutorial_interfaces
[4.619s] -- Installing: /home/ubuntu/Documents/ros2_tutorial/install/ros2_tutorial_interfaces/share/ros2_tutorial_interfaces/cmake/export_ros2_tutorial_interfaces__rosidl_generator_cExport.cmake
[4.619s] -- Installing: /home/ubuntu/Documents/ros2_tutorial/install/ros2_tutorial_interfaces/share/ros2_tutorial_interfaces/cmake/export_ros2_tutorial_interfaces__rosidl_generator_cExport-noconfig.cmake
[4.619s] -- Installing: /home/ubuntu/Documents/ros2_tutorial/install/ros2_tutorial_interfaces/share/ros2_tutorial_interfaces/cmake/export_ros2_tutorial_interfaces__rosidl_typesupport_fastrtps_cExport.cmake
[4.619s] -- Installing: /home/ubuntu/Documents/ros2_tutorial/install/ros2_tutorial_interfaces/share/ros2_tutorial_interfaces/cmake/export_ros2_tutorial_interfaces__rosidl_typesupport_fastrtps_cExport-noconfig.cmake
[4.620s] -- Installing: /home/ubuntu/Documents/ros2_tutorial/install/ros2_tutorial_interfaces/share/ros2_tutorial_interfaces/cmake/ros2_tutorial_interfaces__rosidl_typesupport_introspection_cExport.cmake
[4.620s] -- Installing: /home/ubuntu/Documents/ros2_tutorial/install/ros2_tutorial_interfaces/share/ros2_tutorial_interfaces/cmake/ros2_tutorial_interfaces__rosidl_typesupport_introspection_cExport-noconfig.cmake
[4.620s] -- Installing: /home/ubuntu/Documents/ros2_tutorial/install/ros2_tutorial_interfaces/share/ros2_tutorial_interfaces/cmake/ros2_tutorial_interfaces__rosidl_typesupport_cExport.cmake
[4.620s] -- Installing: /home/ubuntu/Documents/ros2_tutorial/install/ros2_tutorial_interfaces/share/ros2_tutorial_interfaces/cmake/ros2_tutorial_interfaces__rosidl_typesupport_cExport-noconfig.cmake
[4.620s] -- Installing: /home/ubuntu/Documents/ros2_tutorial/install/ros2_tutorial_interfaces/share/ros2_tutorial_interfaces/cmake/export_ros2_tutorial_interfaces__rosidl_generator_cppExport.cmake
[4.620s] -- Installing: /home/ubuntu/Documents/ros2_tutorial/install/ros2_tutorial_interfaces/share/ros2_tutorial_interfaces/cmake/export_ros2_tutorial_interfaces__rosidl_typesupport_fastrtps_cppExport.cmake
[4.620s] -- Installing: /home/ubuntu/Documents/ros2_tutorial/install/ros2_tutorial_interfaces/share/ros2_tutorial_interfaces/cmake/export_ros2_tutorial_interfaces__rosidl_typesupport_fastrtps_cppExport-noconfig.cmake
[4.621s] -- Installing: /home/ubuntu/Documents/ros2_tutorial/install/ros2_tutorial_interfaces/share/ros2_tutorial_interfaces/cmake/ros2_tutorial_interfaces__rosidl_typesupport_introspection_cppExport.cmake
[4.621s] -- Installing: /home/ubuntu/Documents/ros2_tutorial/install/ros2_tutorial_interfaces/share/ros2_tutorial_interfaces/cmake/ros2_tutorial_interfaces__rosidl_typesupport_introspection_cppExport-noconfig.cmake
[4.621s] -- Installing: /home/ubuntu/Documents/ros2_tutorial/install/ros2_tutorial_interfaces/share/ros2_tutorial_interfaces/cmake/ros2_tutorial_interfaces__rosidl_typesupport_cppExport.cmake
[4.621s] -- Installing: /home/ubuntu/Documents/ros2_tutorial/install/ros2_tutorial_interfaces/share/ros2_tutorial_interfaces/cmake/ros2_tutorial_interfaces__rosidl_typesupport_cppExport-noconfig.cmake
[4.621s] -- Installing: /home/ubuntu/Documents/ros2_tutorial/install/ros2_tutorial_interfaces/share/ros2_tutorial_interfaces/cmake/export_ros2_tutorial_interfaces__rosidl_generator_pyExport.cmake
[4.621s] -- Installing: /home/ubuntu/Documents/ros2_tutorial/install/ros2_tutorial_interfaces/share/ros2_tutorial_interfaces/cmake/export_ros2_tutorial_interfaces__rosidl_generator_pyExport-noconfig.cmake
[4.621s] -- Installing: /home/ubuntu/Documents/ros2_tutorial/install/ros2_tutorial_interfaces/share/ros2_tutorial_interfaces/cmake/rosidl_cmake-extras.cmake
[4.621s] -- Installing: /home/ubuntu/Documents/ros2_tutorial/install/ros2_tutorial_interfaces/share/ros2_tutorial_interfaces/cmake/ament_cmake_export_dependencies-extras.cmake
[4.621s] -- Installing: /home/ubuntu/Documents/ros2_tutorial/install/ros2_tutorial_interfaces/share/ros2_tutorial_interfaces/cmake/ament_cmake_export_include_directories-extras.cmake
[4.622s] -- Installing: /home/ubuntu/Documents/ros2_tutorial/install/ros2_tutorial_interfaces/share/ros2_tutorial_interfaces/cmake/ament_cmake_export_libraries-extras.cmake
[4.622s] -- Installing: /home/ubuntu/Documents/ros2_tutorial/install/ros2_tutorial_interfaces/share/ros2_tutorial_interfaces/cmake/ament_cmake_export_targets-extras.cmake
[4.622s] -- Installing: /home/ubuntu/Documents/ros2_tutorial/install/ros2_tutorial_interfaces/share/ros2_tutorial_interfaces/cmake/rosidl_cmake_export_typesupport_targets-extras.cmake
[4.622s] -- Installing: /home/ubuntu/Documents/ros2_tutorial/install/ros2_tutorial_interfaces/share/ros2_tutorial_interfaces/cmake/rosidl_cmake_export_typesupport_libraries-extras.cmake
[4.622s] -- Installing: /home/ubuntu/Documents/ros2_tutorial/install/ros2_tutorial_interfaces/share/ros2_tutorial_interfaces/cmake/ros2_tutorial_interfacesConfig.cmake
[4.622s] -- Installing: /home/ubuntu/Documents/ros2_tutorial/install/ros2_tutorial_interfaces/share/ros2_tutorial_interfaces/cmake/ros2_tutorial_interfacesConfig-version.cmake
[4.622s] -- Installing: /home/ubuntu/Documents/ros2_tutorial/install/ros2_tutorial_interfaces/share/ros2_tutorial_interfaces/package.xml
[4.626s] Invoked command in '/home/ubuntu/Documents/ros2_tutorial/build/ros2_tutorial_interfaces' returned '0': CMAKE_PREFIX_PATH=${CMAKE_PREFIX_PATH}:/home/ubuntu/Documents/ros2_tutorial/install/ros2_tutorial:/opt/ros/jazzy DEBUGINFOD_URLS=https://debuginfod.ubuntu.com /usr/bin/cmake --install /home/ubuntu/Documents/ros2_tutorial/build/ros2_tutorial_interfaces
